<?xml version="1.0" encoding="UTF-8"?>
<coverage generated="1747302136321" clover="3.2.0">
  <project timestamp="1747302136321" name="All files">
    <metrics statements="224" coveredstatements="211" conditionals="86" coveredconditionals="85" methods="21" coveredmethods="19" elements="331" coveredelements="315" complexity="0" loc="224" ncloc="224" packages="1" files="5" classes="5"/>
    <file name="consts.ts" path="/home/runner/work/sync-check-promise-status/sync-check-promise-status/consts.ts">
      <metrics statements="15" coveredstatements="15" conditionals="0" coveredconditionals="0" methods="0" coveredmethods="0"/>
      <line num="1" count="1" type="stmt"/>
      <line num="2" count="1" type="stmt"/>
      <line num="3" count="1" type="stmt"/>
      <line num="4" count="1" type="stmt"/>
      <line num="5" count="1" type="stmt"/>
      <line num="10" count="1" type="stmt"/>
      <line num="11" count="1" type="stmt"/>
      <line num="12" count="1" type="stmt"/>
      <line num="13" count="1" type="stmt"/>
      <line num="14" count="1" type="stmt"/>
      <line num="16" count="1" type="stmt"/>
      <line num="17" count="1" type="stmt"/>
      <line num="18" count="1" type="stmt"/>
      <line num="19" count="1" type="stmt"/>
      <line num="20" count="1" type="stmt"/>
    </file>
    <file name="isPromise.ts" path="/home/runner/work/sync-check-promise-status/sync-check-promise-status/isPromise.ts">
      <metrics statements="16" coveredstatements="6" conditionals="4" coveredconditionals="4" methods="2" coveredmethods="1"/>
      <line num="1" count="1" type="cond" truecount="1" falsecount="0"/>
      <line num="2" count="65" type="cond" truecount="1" falsecount="0"/>
      <line num="3" count="11" type="cond" truecount="1" falsecount="0"/>
      <line num="4" count="11" type="cond" truecount="1" falsecount="0"/>
      <line num="5" count="11" type="stmt"/>
      <line num="7" count="1" type="stmt"/>
      <line num="8" count="0" type="stmt"/>
      <line num="9" count="0" type="stmt"/>
      <line num="10" count="0" type="stmt"/>
      <line num="11" count="0" type="stmt"/>
      <line num="12" count="0" type="stmt"/>
      <line num="13" count="0" type="stmt"/>
      <line num="14" count="0" type="stmt"/>
      <line num="15" count="0" type="stmt"/>
      <line num="16" count="0" type="stmt"/>
      <line num="17" count="0" type="stmt"/>
    </file>
    <file name="patchPromiseGlobally.ts" path="/home/runner/work/sync-check-promise-status/sync-check-promise-status/patchPromiseGlobally.ts">
      <metrics statements="3" coveredstatements="0" conditionals="1" coveredconditionals="0" methods="1" coveredmethods="0"/>
      <line num="1" count="0" type="cond" truecount="0" falsecount="1"/>
      <line num="2" count="0" type="stmt"/>
      <line num="3" count="0" type="stmt"/>
    </file>
    <file name="types.ts" path="/home/runner/work/sync-check-promise-status/sync-check-promise-status/types.ts">
      <metrics statements="0" coveredstatements="0" conditionals="1" coveredconditionals="1" methods="1" coveredmethods="1"/>
    </file>
    <file name="wrapPromise.ts" path="/home/runner/work/sync-check-promise-status/sync-check-promise-status/wrapPromise.ts">
      <metrics statements="190" coveredstatements="190" conditionals="80" coveredconditionals="80" methods="17" coveredmethods="17"/>
      <line num="1" count="1" type="stmt"/>
      <line num="2" count="1" type="stmt"/>
      <line num="5" count="1" type="cond" truecount="1" falsecount="0"/>
      <line num="6" count="138" type="stmt"/>
      <line num="7" count="138" type="stmt"/>
      <line num="8" count="138" type="stmt"/>
      <line num="9" count="138" type="stmt"/>
      <line num="10" count="138" type="stmt"/>
      <line num="11" count="138" type="cond" truecount="1" falsecount="0"/>
      <line num="13" count="138" type="stmt"/>
      <line num="14" count="138" type="cond" truecount="2" falsecount="0"/>
      <line num="15" count="92" type="cond" truecount="1" falsecount="0"/>
      <line num="16" count="92" type="stmt"/>
      <line num="17" count="92" type="stmt"/>
      <line num="18" count="92" type="stmt"/>
      <line num="19" count="92" type="stmt"/>
      <line num="20" count="92" type="cond" truecount="1" falsecount="0"/>
      <line num="21" count="46" type="stmt"/>
      <line num="23" count="138" type="stmt"/>
      <line num="25" count="138" type="stmt"/>
      <line num="26" count="138" type="cond" truecount="1" falsecount="0"/>
      <line num="27" count="43" type="cond" truecount="2" falsecount="0"/>
      <line num="28" count="3" type="stmt"/>
      <line num="29" count="43" type="stmt"/>
      <line num="30" count="138" type="cond" truecount="1" falsecount="0"/>
      <line num="31" count="201" type="stmt"/>
      <line num="32" count="201" type="cond" truecount="2" falsecount="0"/>
      <line num="34" count="197" type="stmt"/>
      <line num="35" count="201" type="cond" truecount="2" falsecount="0"/>
      <line num="37" count="193" type="stmt"/>
      <line num="38" count="201" type="cond" truecount="2" falsecount="0"/>
      <line num="40" count="189" type="stmt"/>
      <line num="41" count="201" type="cond" truecount="2" falsecount="0"/>
      <line num="43" count="185" type="cond" truecount="1" falsecount="0"/>
      <line num="44" count="20" type="cond" truecount="1" falsecount="0"/>
      <line num="45" count="8" type="cond" truecount="1" falsecount="0"/>
      <line num="46" count="12" type="cond" truecount="1" falsecount="0"/>
      <line num="47" count="8" type="cond" truecount="1" falsecount="0"/>
      <line num="48" count="4" type="stmt"/>
      <line num="50" count="201" type="cond" truecount="2" falsecount="0"/>
      <line num="52" count="201" type="cond" truecount="2" falsecount="0"/>
      <line num="53" count="24" type="stmt"/>
      <line num="54" count="24" type="cond" truecount="2" falsecount="0"/>
      <line num="56" count="16" type="stmt"/>
      <line num="57" count="16" type="stmt"/>
      <line num="59" count="16" type="cond" truecount="1" falsecount="0"/>
      <line num="60" count="8" type="cond" truecount="2" falsecount="0"/>
      <line num="61" count="8" type="stmt"/>
      <line num="62" count="8" type="stmt"/>
      <line num="63" count="24" type="cond" truecount="1" falsecount="0"/>
      <line num="65" count="201" type="cond" truecount="2" falsecount="0"/>
      <line num="67" count="145" type="stmt"/>
      <line num="68" count="145" type="stmt"/>
      <line num="69" count="145" type="stmt"/>
      <line num="70" count="145" type="stmt"/>
      <line num="71" count="145" type="stmt"/>
      <line num="73" count="145" type="stmt"/>
      <line num="74" count="145" type="cond" truecount="1" falsecount="0"/>
      <line num="75" count="51" type="cond" truecount="1" falsecount="0"/>
      <line num="76" count="2" type="cond" truecount="1" falsecount="0"/>
      <line num="77" count="144" type="stmt"/>
      <line num="79" count="201" type="cond" truecount="2" falsecount="0"/>
      <line num="81" count="144" type="stmt"/>
      <line num="82" count="144" type="cond" truecount="1" falsecount="0"/>
      <line num="83" count="141" type="stmt"/>
      <line num="84" count="141" type="stmt"/>
      <line num="85" count="141" type="stmt"/>
      <line num="86" count="141" type="stmt"/>
      <line num="87" count="141" type="cond" truecount="1" falsecount="0"/>
      <line num="88" count="141" type="stmt"/>
      <line num="89" count="141" type="stmt"/>
      <line num="90" count="141" type="stmt"/>
      <line num="91" count="141" type="cond" truecount="1" falsecount="0"/>
      <line num="95" count="141" type="cond" truecount="1" falsecount="0"/>
      <line num="96" count="141" type="cond" truecount="1" falsecount="0"/>
      <line num="97" count="76" type="stmt"/>
      <line num="98" count="76" type="stmt"/>
      <line num="99" count="76" type="stmt"/>
      <line num="100" count="76" type="cond" truecount="1" falsecount="0"/>
      <line num="101" count="21" type="cond" truecount="1" falsecount="0"/>
      <line num="102" count="21" type="stmt"/>
      <line num="103" count="21" type="stmt"/>
      <line num="104" count="76" type="stmt"/>
      <line num="106" count="141" type="stmt"/>
      <line num="107" count="141" type="stmt"/>
      <line num="109" count="141" type="cond" truecount="1" falsecount="0"/>
      <line num="110" count="49" type="stmt"/>
      <line num="111" count="49" type="stmt"/>
      <line num="112" count="49" type="stmt"/>
      <line num="113" count="49" type="stmt"/>
      <line num="115" count="141" type="cond" truecount="1" falsecount="0"/>
      <line num="116" count="21" type="stmt"/>
      <line num="117" count="21" type="stmt"/>
      <line num="118" count="21" type="stmt"/>
      <line num="124" count="141" type="stmt"/>
      <line num="125" count="141" type="stmt"/>
      <line num="126" count="141" type="stmt"/>
      <line num="127" count="141" type="stmt"/>
      <line num="128" count="141" type="cond" truecount="1" falsecount="0"/>
      <line num="129" count="69" type="cond" truecount="2" falsecount="0"/>
      <line num="131" count="25" type="stmt"/>
      <line num="132" count="69" type="cond" truecount="2" falsecount="0"/>
      <line num="133" count="11" type="stmt"/>
      <line num="134" count="11" type="cond" truecount="1" falsecount="0"/>
      <line num="136" count="72" type="stmt"/>
      <line num="137" count="72" type="stmt"/>
      <line num="138" count="72" type="stmt"/>
      <line num="139" count="72" type="stmt"/>
      <line num="141" count="141" type="cond" truecount="1" falsecount="0"/>
      <line num="142" count="43" type="cond" truecount="1" falsecount="0"/>
      <line num="144" count="10" type="stmt"/>
      <line num="145" count="10" type="cond" truecount="1" falsecount="0"/>
      <line num="147" count="33" type="stmt"/>
      <line num="148" count="33" type="cond" truecount="1" falsecount="0"/>
      <line num="150" count="22" type="stmt"/>
      <line num="151" count="22" type="cond" truecount="1" falsecount="0"/>
      <line num="152" count="1" type="cond" truecount="1" falsecount="0"/>
      <line num="153" count="21" type="stmt"/>
      <line num="154" count="141" type="cond" truecount="1" falsecount="0"/>
      <line num="155" count="7" type="cond" truecount="2" falsecount="0"/>
      <line num="156" count="5" type="stmt"/>
      <line num="157" count="5" type="stmt"/>
      <line num="158" count="5" type="stmt"/>
      <line num="159" count="141" type="stmt"/>
      <line num="161" count="141" type="stmt"/>
      <line num="162" count="141" type="cond" truecount="2" falsecount="0"/>
      <line num="164" count="70" type="stmt"/>
      <line num="166" count="70" type="stmt"/>
      <line num="167" count="70" type="stmt"/>
      <line num="168" count="70" type="stmt"/>
      <line num="169" count="70" type="stmt"/>
      <line num="170" count="70" type="stmt"/>
      <line num="171" count="70" type="stmt"/>
      <line num="172" count="70" type="stmt"/>
      <line num="173" count="70" type="stmt"/>
      <line num="174" count="141" type="stmt"/>
      <line num="176" count="141" type="cond" truecount="1" falsecount="0"/>
      <line num="177" count="48" type="cond" truecount="1" falsecount="0"/>
      <line num="178" count="48" type="cond" truecount="1" falsecount="0"/>
      <line num="179" count="25" type="cond" truecount="1" falsecount="0"/>
      <line num="180" count="23" type="stmt"/>
      <line num="181" count="48" type="stmt"/>
      <line num="182" count="48" type="cond" truecount="1" falsecount="0"/>
      <line num="184" count="93" type="stmt"/>
      <line num="185" count="93" type="stmt"/>
      <line num="186" count="93" type="cond" truecount="1" falsecount="0"/>
      <line num="187" count="93" type="stmt"/>
      <line num="188" count="93" type="stmt"/>
      <line num="189" count="93" type="stmt"/>
      <line num="190" count="93" type="stmt"/>
      <line num="191" count="93" type="stmt"/>
      <line num="199" count="141" type="stmt"/>
      <line num="200" count="144" type="stmt"/>
      <line num="201" count="201" type="stmt"/>
      <line num="202" count="138" type="stmt"/>
      <line num="204" count="138" type="stmt"/>
      <line num="205" count="138" type="stmt"/>
      <line num="216" count="1" type="cond" truecount="1" falsecount="0"/>
      <line num="217" count="162" type="stmt"/>
      <line num="218" count="162" type="stmt"/>
      <line num="219" count="162" type="stmt"/>
      <line num="220" count="162" type="cond" truecount="1" falsecount="0"/>
      <line num="221" count="324" type="stmt"/>
      <line num="223" count="324" type="cond" truecount="1" falsecount="0"/>
      <line num="224" count="162" type="stmt"/>
      <line num="225" count="162" type="stmt"/>
      <line num="226" count="162" type="stmt"/>
      <line num="228" count="162" type="stmt"/>
      <line num="229" count="162" type="stmt"/>
      <line num="231" count="162" type="stmt"/>
      <line num="232" count="162" type="stmt"/>
      <line num="234" count="1" type="cond" truecount="1" falsecount="0"/>
      <line num="235" count="162" type="stmt"/>
      <line num="236" count="162" type="stmt"/>
      <line num="237" count="162" type="stmt"/>
      <line num="241" count="1" type="cond" truecount="1" falsecount="0"/>
      <line num="243" count="1" type="cond" truecount="1" falsecount="0"/>
      <line num="247" count="609" type="stmt"/>
      <line num="248" count="609" type="stmt"/>
      <line num="250" count="609" type="stmt"/>
      <line num="252" count="1" type="cond" truecount="1" falsecount="0"/>
      <line num="253" count="35" type="stmt"/>
      <line num="254" count="35" type="stmt"/>
      <line num="255" count="35" type="stmt"/>
      <line num="256" count="35" type="stmt"/>
      <line num="258" count="1" type="cond" truecount="1" falsecount="0"/>
      <line num="259" count="11" type="stmt"/>
      <line num="260" count="11" type="stmt"/>
      <line num="261" count="11" type="stmt"/>
      <line num="262" count="11" type="stmt"/>
    </file>
  </project>
</coverage>
