<?xml version="1.0" encoding="UTF-8"?>
<coverage generated="1747304857770" clover="3.2.0">
  <project timestamp="1747304857770" name="All files">
    <metrics statements="224" coveredstatements="211" conditionals="91" coveredconditionals="90" methods="21" coveredmethods="19" elements="336" coveredelements="320" complexity="0" loc="224" ncloc="224" packages="1" files="5" classes="5"/>
    <file name="consts.ts" path="/home/runner/work/sync-check-promise-status/sync-check-promise-status/consts.ts">
      <metrics statements="13" coveredstatements="13" conditionals="0" coveredconditionals="0" methods="0" coveredmethods="0"/>
      <line num="1" count="1" type="stmt"/>
      <line num="2" count="1" type="stmt"/>
      <line num="3" count="1" type="stmt"/>
      <line num="4" count="1" type="stmt"/>
      <line num="5" count="1" type="stmt"/>
      <line num="10" count="1" type="stmt"/>
      <line num="11" count="1" type="stmt"/>
      <line num="12" count="1" type="stmt"/>
      <line num="13" count="1" type="stmt"/>
      <line num="14" count="1" type="stmt"/>
      <line num="16" count="1" type="stmt"/>
      <line num="17" count="1" type="stmt"/>
      <line num="18" count="1" type="stmt"/>
    </file>
    <file name="isPromise.ts" path="/home/runner/work/sync-check-promise-status/sync-check-promise-status/isPromise.ts">
      <metrics statements="16" coveredstatements="6" conditionals="4" coveredconditionals="4" methods="2" coveredmethods="1"/>
      <line num="1" count="1" type="cond" truecount="1" falsecount="0"/>
      <line num="2" count="66" type="cond" truecount="1" falsecount="0"/>
      <line num="3" count="11" type="cond" truecount="1" falsecount="0"/>
      <line num="4" count="11" type="cond" truecount="1" falsecount="0"/>
      <line num="5" count="11" type="stmt"/>
      <line num="7" count="1" type="stmt"/>
      <line num="8" count="0" type="stmt"/>
      <line num="9" count="0" type="stmt"/>
      <line num="10" count="0" type="stmt"/>
      <line num="11" count="0" type="stmt"/>
      <line num="12" count="0" type="stmt"/>
      <line num="13" count="0" type="stmt"/>
      <line num="14" count="0" type="stmt"/>
      <line num="15" count="0" type="stmt"/>
      <line num="16" count="0" type="stmt"/>
      <line num="17" count="0" type="stmt"/>
    </file>
    <file name="patchPromiseGlobally.ts" path="/home/runner/work/sync-check-promise-status/sync-check-promise-status/patchPromiseGlobally.ts">
      <metrics statements="3" coveredstatements="0" conditionals="1" coveredconditionals="0" methods="1" coveredmethods="0"/>
      <line num="1" count="0" type="cond" truecount="0" falsecount="1"/>
      <line num="2" count="0" type="stmt"/>
      <line num="3" count="0" type="stmt"/>
    </file>
    <file name="types.ts" path="/home/runner/work/sync-check-promise-status/sync-check-promise-status/types.ts">
      <metrics statements="0" coveredstatements="0" conditionals="1" coveredconditionals="1" methods="1" coveredmethods="1"/>
    </file>
    <file name="wrapPromise.ts" path="/home/runner/work/sync-check-promise-status/sync-check-promise-status/wrapPromise.ts">
      <metrics statements="192" coveredstatements="192" conditionals="85" coveredconditionals="85" methods="17" coveredmethods="17"/>
      <line num="1" count="1" type="stmt"/>
      <line num="6" count="1" type="stmt"/>
      <line num="9" count="1" type="cond" truecount="1" falsecount="0"/>
      <line num="10" count="145" type="stmt"/>
      <line num="11" count="145" type="stmt"/>
      <line num="12" count="145" type="stmt"/>
      <line num="13" count="145" type="stmt"/>
      <line num="14" count="145" type="stmt"/>
      <line num="15" count="145" type="cond" truecount="1" falsecount="0"/>
      <line num="17" count="145" type="stmt"/>
      <line num="18" count="145" type="cond" truecount="2" falsecount="0"/>
      <line num="19" count="92" type="cond" truecount="1" falsecount="0"/>
      <line num="20" count="92" type="stmt"/>
      <line num="21" count="92" type="stmt"/>
      <line num="22" count="92" type="stmt"/>
      <line num="23" count="92" type="stmt"/>
      <line num="24" count="92" type="cond" truecount="1" falsecount="0"/>
      <line num="25" count="53" type="stmt"/>
      <line num="27" count="145" type="stmt"/>
      <line num="29" count="145" type="stmt"/>
      <line num="30" count="145" type="cond" truecount="1" falsecount="0"/>
      <line num="31" count="56" type="cond" truecount="2" falsecount="0"/>
      <line num="32" count="56" type="cond" truecount="2" falsecount="0"/>
      <line num="34" count="56" type="cond" truecount="2" falsecount="0"/>
      <line num="35" count="6" type="stmt"/>
      <line num="36" count="56" type="stmt"/>
      <line num="37" count="145" type="cond" truecount="1" falsecount="0"/>
      <line num="38" count="211" type="stmt"/>
      <line num="39" count="211" type="cond" truecount="2" falsecount="0"/>
      <line num="41" count="207" type="stmt"/>
      <line num="42" count="211" type="cond" truecount="2" falsecount="0"/>
      <line num="44" count="203" type="stmt"/>
      <line num="45" count="211" type="cond" truecount="2" falsecount="0"/>
      <line num="47" count="199" type="stmt"/>
      <line num="48" count="211" type="cond" truecount="2" falsecount="0"/>
      <line num="50" count="195" type="cond" truecount="1" falsecount="0"/>
      <line num="51" count="22" type="cond" truecount="1" falsecount="0"/>
      <line num="52" count="9" type="cond" truecount="1" falsecount="0"/>
      <line num="53" count="13" type="cond" truecount="1" falsecount="0"/>
      <line num="54" count="9" type="cond" truecount="1" falsecount="0"/>
      <line num="55" count="4" type="stmt"/>
      <line num="57" count="211" type="cond" truecount="2" falsecount="0"/>
      <line num="59" count="211" type="cond" truecount="2" falsecount="0"/>
      <line num="60" count="26" type="stmt"/>
      <line num="61" count="26" type="cond" truecount="2" falsecount="0"/>
      <line num="63" count="18" type="stmt"/>
      <line num="64" count="18" type="stmt"/>
      <line num="66" count="18" type="cond" truecount="1" falsecount="0"/>
      <line num="67" count="8" type="cond" truecount="2" falsecount="0"/>
      <line num="68" count="8" type="cond" truecount="1" falsecount="0"/>
      <line num="69" count="10" type="stmt"/>
      <line num="70" count="26" type="cond" truecount="1" falsecount="0"/>
      <line num="72" count="211" type="cond" truecount="2" falsecount="0"/>
      <line num="74" count="148" type="stmt"/>
      <line num="75" count="148" type="stmt"/>
      <line num="76" count="148" type="stmt"/>
      <line num="77" count="148" type="stmt"/>
      <line num="78" count="148" type="stmt"/>
      <line num="80" count="148" type="stmt"/>
      <line num="81" count="148" type="cond" truecount="1" falsecount="0"/>
      <line num="82" count="54" type="cond" truecount="1" falsecount="0"/>
      <line num="83" count="4" type="cond" truecount="1" falsecount="0"/>
      <line num="84" count="145" type="stmt"/>
      <line num="86" count="211" type="cond" truecount="2" falsecount="0"/>
      <line num="88" count="145" type="stmt"/>
      <line num="89" count="145" type="cond" truecount="1" falsecount="0"/>
      <line num="90" count="142" type="stmt"/>
      <line num="91" count="142" type="stmt"/>
      <line num="92" count="142" type="stmt"/>
      <line num="93" count="142" type="stmt"/>
      <line num="94" count="142" type="cond" truecount="1" falsecount="0"/>
      <line num="95" count="142" type="stmt"/>
      <line num="96" count="142" type="stmt"/>
      <line num="97" count="142" type="stmt"/>
      <line num="98" count="142" type="cond" truecount="1" falsecount="0"/>
      <line num="102" count="142" type="cond" truecount="1" falsecount="0"/>
      <line num="103" count="142" type="cond" truecount="1" falsecount="0"/>
      <line num="104" count="77" type="stmt"/>
      <line num="105" count="77" type="stmt"/>
      <line num="106" count="77" type="stmt"/>
      <line num="107" count="77" type="cond" truecount="1" falsecount="0"/>
      <line num="108" count="22" type="cond" truecount="1" falsecount="0"/>
      <line num="109" count="22" type="stmt"/>
      <line num="110" count="22" type="stmt"/>
      <line num="111" count="77" type="stmt"/>
      <line num="113" count="142" type="stmt"/>
      <line num="114" count="142" type="stmt"/>
      <line num="116" count="142" type="cond" truecount="1" falsecount="0"/>
      <line num="117" count="49" type="stmt"/>
      <line num="118" count="49" type="stmt"/>
      <line num="119" count="49" type="stmt"/>
      <line num="120" count="49" type="stmt"/>
      <line num="122" count="142" type="cond" truecount="1" falsecount="0"/>
      <line num="123" count="21" type="stmt"/>
      <line num="124" count="21" type="stmt"/>
      <line num="125" count="21" type="stmt"/>
      <line num="131" count="142" type="stmt"/>
      <line num="132" count="142" type="stmt"/>
      <line num="133" count="142" type="stmt"/>
      <line num="134" count="142" type="stmt"/>
      <line num="135" count="142" type="cond" truecount="1" falsecount="0"/>
      <line num="136" count="69" type="cond" truecount="2" falsecount="0"/>
      <line num="138" count="25" type="stmt"/>
      <line num="139" count="69" type="cond" truecount="2" falsecount="0"/>
      <line num="140" count="11" type="stmt"/>
      <line num="141" count="11" type="cond" truecount="1" falsecount="0"/>
      <line num="143" count="73" type="stmt"/>
      <line num="144" count="73" type="stmt"/>
      <line num="145" count="73" type="stmt"/>
      <line num="146" count="73" type="stmt"/>
      <line num="148" count="142" type="cond" truecount="1" falsecount="0"/>
      <line num="149" count="43" type="cond" truecount="1" falsecount="0"/>
      <line num="151" count="10" type="stmt"/>
      <line num="152" count="10" type="cond" truecount="1" falsecount="0"/>
      <line num="154" count="33" type="stmt"/>
      <line num="155" count="33" type="cond" truecount="1" falsecount="0"/>
      <line num="157" count="23" type="stmt"/>
      <line num="158" count="23" type="cond" truecount="1" falsecount="0"/>
      <line num="159" count="1" type="cond" truecount="1" falsecount="0"/>
      <line num="160" count="22" type="stmt"/>
      <line num="161" count="142" type="cond" truecount="1" falsecount="0"/>
      <line num="162" count="7" type="cond" truecount="2" falsecount="0"/>
      <line num="163" count="5" type="stmt"/>
      <line num="164" count="5" type="stmt"/>
      <line num="165" count="5" type="stmt"/>
      <line num="166" count="142" type="stmt"/>
      <line num="168" count="142" type="stmt"/>
      <line num="169" count="142" type="cond" truecount="2" falsecount="0"/>
      <line num="171" count="70" type="stmt"/>
      <line num="173" count="70" type="stmt"/>
      <line num="174" count="70" type="stmt"/>
      <line num="175" count="70" type="stmt"/>
      <line num="176" count="70" type="stmt"/>
      <line num="177" count="70" type="stmt"/>
      <line num="178" count="70" type="stmt"/>
      <line num="179" count="70" type="stmt"/>
      <line num="180" count="70" type="stmt"/>
      <line num="181" count="142" type="stmt"/>
      <line num="183" count="142" type="cond" truecount="1" falsecount="0"/>
      <line num="184" count="49" type="cond" truecount="1" falsecount="0"/>
      <line num="185" count="49" type="cond" truecount="1" falsecount="0"/>
      <line num="186" count="26" type="cond" truecount="1" falsecount="0"/>
      <line num="187" count="23" type="stmt"/>
      <line num="188" count="49" type="stmt"/>
      <line num="189" count="49" type="cond" truecount="1" falsecount="0"/>
      <line num="191" count="93" type="stmt"/>
      <line num="192" count="93" type="stmt"/>
      <line num="193" count="93" type="cond" truecount="1" falsecount="0"/>
      <line num="194" count="93" type="stmt"/>
      <line num="195" count="93" type="stmt"/>
      <line num="196" count="93" type="stmt"/>
      <line num="197" count="93" type="stmt"/>
      <line num="198" count="93" type="stmt"/>
      <line num="206" count="142" type="stmt"/>
      <line num="207" count="145" type="stmt"/>
      <line num="208" count="211" type="stmt"/>
      <line num="209" count="145" type="stmt"/>
      <line num="211" count="145" type="stmt"/>
      <line num="212" count="145" type="stmt"/>
      <line num="223" count="1" type="cond" truecount="1" falsecount="0"/>
      <line num="224" count="162" type="stmt"/>
      <line num="225" count="162" type="stmt"/>
      <line num="226" count="162" type="stmt"/>
      <line num="227" count="162" type="cond" truecount="1" falsecount="0"/>
      <line num="228" count="324" type="stmt"/>
      <line num="230" count="324" type="cond" truecount="1" falsecount="0"/>
      <line num="231" count="162" type="stmt"/>
      <line num="232" count="162" type="stmt"/>
      <line num="233" count="162" type="stmt"/>
      <line num="235" count="162" type="stmt"/>
      <line num="236" count="162" type="stmt"/>
      <line num="238" count="162" type="stmt"/>
      <line num="239" count="162" type="stmt"/>
      <line num="241" count="1" type="cond" truecount="1" falsecount="0"/>
      <line num="242" count="162" type="stmt"/>
      <line num="243" count="162" type="stmt"/>
      <line num="244" count="162" type="stmt"/>
      <line num="248" count="1" type="cond" truecount="1" falsecount="0"/>
      <line num="250" count="1" type="cond" truecount="1" falsecount="0"/>
      <line num="254" count="644" type="stmt"/>
      <line num="255" count="644" type="stmt"/>
      <line num="257" count="644" type="stmt"/>
      <line num="259" count="1" type="cond" truecount="1" falsecount="0"/>
      <line num="260" count="41" type="stmt"/>
      <line num="261" count="41" type="stmt"/>
      <line num="262" count="41" type="stmt"/>
      <line num="263" count="41" type="stmt"/>
      <line num="265" count="1" type="cond" truecount="1" falsecount="0"/>
      <line num="266" count="12" type="stmt"/>
      <line num="267" count="12" type="stmt"/>
      <line num="268" count="12" type="stmt"/>
      <line num="269" count="12" type="stmt"/>
    </file>
  </project>
</coverage>
