{"/home/runner/work/sync-check-promise-status/sync-check-promise-status/consts.ts": {"path":"/home/runner/work/sync-check-promise-status/sync-check-promise-status/consts.ts","all":false,"statementMap":{"0":{"start":{"line":1,"column":0},"end":{"line":1,"column":26}},"1":{"start":{"line":2,"column":0},"end":{"line":2,"column":16}},"2":{"start":{"line":3,"column":0},"end":{"line":3,"column":18}},"3":{"start":{"line":4,"column":0},"end":{"line":4,"column":17}},"4":{"start":{"line":5,"column":0},"end":{"line":5,"column":11}},"9":{"start":{"line":10,"column":0},"end":{"line":10,"column":43}},"10":{"start":{"line":11,"column":0},"end":{"line":11,"column":16}},"11":{"start":{"line":12,"column":0},"end":{"line":12,"column":14}},"12":{"start":{"line":13,"column":0},"end":{"line":13,"column":15}},"13":{"start":{"line":14,"column":0},"end":{"line":14,"column":14}},"15":{"start":{"line":16,"column":0},"end":{"line":16,"column":11}},"16":{"start":{"line":17,"column":0},"end":{"line":17,"column":11}},"17":{"start":{"line":18,"column":0},"end":{"line":18,"column":8}},"18":{"start":{"line":19,"column":0},"end":{"line":19,"column":10}},"19":{"start":{"line":20,"column":0},"end":{"line":20,"column":3}}},"s":{"0":1,"1":1,"2":1,"3":1,"4":1,"9":1,"10":1,"11":1,"12":1,"13":1,"15":1,"16":1,"17":1,"18":1,"19":1},"branchMap":{},"b":{},"fnMap":{},"f":{}}
,"/home/runner/work/sync-check-promise-status/sync-check-promise-status/isPromise.ts": {"path":"/home/runner/work/sync-check-promise-status/sync-check-promise-status/isPromise.ts","all":false,"statementMap":{"0":{"start":{"line":1,"column":0},"end":{"line":1,"column":68}},"1":{"start":{"line":2,"column":0},"end":{"line":2,"column":26}},"2":{"start":{"line":3,"column":0},"end":{"line":3,"column":15}},"3":{"start":{"line":4,"column":0},"end":{"line":4,"column":16}},"4":{"start":{"line":5,"column":0},"end":{"line":5,"column":31}},"6":{"start":{"line":7,"column":0},"end":{"line":7,"column":63}},"7":{"start":{"line":8,"column":0},"end":{"line":8,"column":18}},"8":{"start":{"line":9,"column":0},"end":{"line":9,"column":24}},"9":{"start":{"line":10,"column":0},"end":{"line":10,"column":28}},"10":{"start":{"line":11,"column":0},"end":{"line":11,"column":40}},"11":{"start":{"line":12,"column":0},"end":{"line":12,"column":17}},"12":{"start":{"line":13,"column":0},"end":{"line":13,"column":34}},"13":{"start":{"line":14,"column":0},"end":{"line":14,"column":25}},"14":{"start":{"line":15,"column":0},"end":{"line":15,"column":19}},"15":{"start":{"line":16,"column":0},"end":{"line":16,"column":36}},"16":{"start":{"line":17,"column":0},"end":{"line":17,"column":25}}},"s":{"0":1,"1":65,"2":11,"3":11,"4":11,"6":1,"7":0,"8":0,"9":0,"10":0,"11":0,"12":0,"13":0,"14":0,"15":0,"16":0},"branchMap":{"0":{"type":"branch","line":1,"loc":{"start":{"line":1,"column":26},"end":{"line":5,"column":31}},"locations":[{"start":{"line":1,"column":26},"end":{"line":5,"column":31}}]},"1":{"type":"branch","line":2,"loc":{"start":{"line":2,"column":15},"end":{"line":3,"column":15}},"locations":[{"start":{"line":2,"column":15},"end":{"line":3,"column":15}}]},"2":{"type":"branch","line":3,"loc":{"start":{"line":3,"column":8},"end":{"line":4,"column":16}},"locations":[{"start":{"line":3,"column":8},"end":{"line":4,"column":16}}]},"3":{"type":"branch","line":4,"loc":{"start":{"line":4,"column":12},"end":{"line":5,"column":31}},"locations":[{"start":{"line":4,"column":12},"end":{"line":5,"column":31}}]}},"b":{"0":[65],"1":[11],"2":[11],"3":[11]},"fnMap":{"0":{"name":"isThenable","decl":{"start":{"line":1,"column":26},"end":{"line":5,"column":31}},"loc":{"start":{"line":1,"column":26},"end":{"line":5,"column":31}},"line":1},"1":{"name":"isPromise","decl":{"start":{"line":7,"column":25},"end":{"line":17,"column":25}},"loc":{"start":{"line":7,"column":25},"end":{"line":17,"column":25}},"line":7}},"f":{"0":65,"1":0}}
,"/home/runner/work/sync-check-promise-status/sync-check-promise-status/patchPromiseGlobally.ts": {"path":"/home/runner/work/sync-check-promise-status/sync-check-promise-status/patchPromiseGlobally.ts","all":true,"statementMap":{"0":{"start":{"line":1,"column":0},"end":{"line":1,"column":43}},"1":{"start":{"line":2,"column":0},"end":{"line":2,"column":59}},"2":{"start":{"line":3,"column":0},"end":{"line":3,"column":2}}},"s":{"0":0,"1":0,"2":0},"branchMap":{"0":{"type":"branch","line":1,"loc":{"start":{"line":1,"column":106},"end":{"line":3,"column":2}},"locations":[{"start":{"line":1,"column":106},"end":{"line":3,"column":2}}]}},"b":{"0":[0]},"fnMap":{"0":{"name":"(empty-report)","decl":{"start":{"line":1,"column":106},"end":{"line":3,"column":2}},"loc":{"start":{"line":1,"column":106},"end":{"line":3,"column":2}},"line":1}},"f":{"0":0}}
,"/home/runner/work/sync-check-promise-status/sync-check-promise-status/types.ts": {"path":"/home/runner/work/sync-check-promise-status/sync-check-promise-status/types.ts","all":true,"statementMap":{},"s":{},"branchMap":{"0":{"type":"branch","line":1,"loc":{"start":{"line":1,"column":875},"end":{"line":34,"column":58}},"locations":[{"start":{"line":1,"column":875},"end":{"line":34,"column":58}}]}},"b":{"0":[1]},"fnMap":{"0":{"name":"(empty-report)","decl":{"start":{"line":1,"column":875},"end":{"line":34,"column":58}},"loc":{"start":{"line":1,"column":875},"end":{"line":34,"column":58}},"line":1}},"f":{"0":1}}
,"/home/runner/work/sync-check-promise-status/sync-check-promise-status/wrapPromise.ts": {"path":"/home/runner/work/sync-check-promise-status/sync-check-promise-status/wrapPromise.ts","all":false,"statementMap":{"0":{"start":{"line":1,"column":0},"end":{"line":1,"column":79}},"1":{"start":{"line":2,"column":0},"end":{"line":2,"column":44}},"4":{"start":{"line":5,"column":0},"end":{"line":5,"column":80}},"5":{"start":{"line":6,"column":0},"end":{"line":6,"column":31}},"6":{"start":{"line":7,"column":0},"end":{"line":7,"column":16}},"7":{"start":{"line":8,"column":0},"end":{"line":8,"column":60}},"8":{"start":{"line":9,"column":0},"end":{"line":9,"column":6}},"9":{"start":{"line":10,"column":0},"end":{"line":10,"column":53}},"10":{"start":{"line":11,"column":0},"end":{"line":11,"column":61}},"12":{"start":{"line":13,"column":0},"end":{"line":13,"column":25}},"13":{"start":{"line":14,"column":0},"end":{"line":14,"column":76}},"14":{"start":{"line":15,"column":0},"end":{"line":15,"column":16}},"15":{"start":{"line":16,"column":0},"end":{"line":16,"column":67}},"16":{"start":{"line":17,"column":0},"end":{"line":17,"column":38}},"17":{"start":{"line":18,"column":0},"end":{"line":18,"column":12}},"18":{"start":{"line":19,"column":0},"end":{"line":19,"column":47}},"19":{"start":{"line":20,"column":0},"end":{"line":20,"column":12}},"20":{"start":{"line":21,"column":0},"end":{"line":21,"column":13}},"22":{"start":{"line":23,"column":0},"end":{"line":23,"column":41}},"24":{"start":{"line":25,"column":0},"end":{"line":25,"column":27}},"25":{"start":{"line":26,"column":0},"end":{"line":26,"column":20}},"26":{"start":{"line":27,"column":0},"end":{"line":27,"column":67}},"27":{"start":{"line":28,"column":0},"end":{"line":28,"column":36}},"28":{"start":{"line":29,"column":0},"end":{"line":29,"column":6}},"29":{"start":{"line":30,"column":0},"end":{"line":30,"column":59}},"30":{"start":{"line":31,"column":0},"end":{"line":31,"column":45}},"31":{"start":{"line":32,"column":0},"end":{"line":32,"column":56}},"33":{"start":{"line":34,"column":0},"end":{"line":34,"column":45}},"34":{"start":{"line":35,"column":0},"end":{"line":35,"column":57}},"36":{"start":{"line":37,"column":0},"end":{"line":37,"column":47}},"37":{"start":{"line":38,"column":0},"end":{"line":38,"column":58}},"39":{"start":{"line":40,"column":0},"end":{"line":40,"column":46}},"40":{"start":{"line":41,"column":0},"end":{"line":41,"column":57}},"42":{"start":{"line":43,"column":0},"end":{"line":43,"column":40}},"43":{"start":{"line":44,"column":0},"end":{"line":44,"column":50}},"44":{"start":{"line":45,"column":0},"end":{"line":45,"column":23}},"45":{"start":{"line":46,"column":0},"end":{"line":46,"column":53}},"46":{"start":{"line":47,"column":0},"end":{"line":47,"column":24}},"47":{"start":{"line":48,"column":0},"end":{"line":48,"column":24}},"49":{"start":{"line":50,"column":0},"end":{"line":50,"column":73}},"51":{"start":{"line":52,"column":0},"end":{"line":52,"column":78}},"52":{"start":{"line":53,"column":0},"end":{"line":53,"column":53}},"53":{"start":{"line":54,"column":0},"end":{"line":54,"column":80}},"55":{"start":{"line":56,"column":0},"end":{"line":56,"column":46}},"56":{"start":{"line":57,"column":0},"end":{"line":57,"column":52}},"58":{"start":{"line":59,"column":0},"end":{"line":59,"column":26}},"59":{"start":{"line":60,"column":0},"end":{"line":60,"column":164}},"60":{"start":{"line":61,"column":0},"end":{"line":61,"column":12}},"61":{"start":{"line":62,"column":0},"end":{"line":62,"column":52}},"62":{"start":{"line":63,"column":0},"end":{"line":63,"column":7}},"64":{"start":{"line":65,"column":0},"end":{"line":65,"column":51}},"66":{"start":{"line":67,"column":0},"end":{"line":67,"column":46}},"67":{"start":{"line":68,"column":0},"end":{"line":68,"column":22}},"68":{"start":{"line":69,"column":0},"end":{"line":69,"column":27}},"69":{"start":{"line":70,"column":0},"end":{"line":70,"column":22}},"70":{"start":{"line":71,"column":0},"end":{"line":71,"column":8}},"72":{"start":{"line":73,"column":0},"end":{"line":73,"column":10}},"73":{"start":{"line":74,"column":0},"end":{"line":74,"column":41}},"74":{"start":{"line":75,"column":0},"end":{"line":75,"column":43}},"75":{"start":{"line":76,"column":0},"end":{"line":76,"column":46}},"76":{"start":{"line":77,"column":0},"end":{"line":77,"column":49}},"78":{"start":{"line":79,"column":0},"end":{"line":79,"column":35}},"80":{"start":{"line":81,"column":0},"end":{"line":81,"column":45}},"81":{"start":{"line":82,"column":0},"end":{"line":82,"column":14}},"82":{"start":{"line":83,"column":0},"end":{"line":83,"column":41}},"83":{"start":{"line":84,"column":0},"end":{"line":84,"column":31}},"84":{"start":{"line":85,"column":0},"end":{"line":85,"column":36}},"85":{"start":{"line":86,"column":0},"end":{"line":86,"column":11}},"86":{"start":{"line":87,"column":0},"end":{"line":87,"column":36}},"87":{"start":{"line":88,"column":0},"end":{"line":88,"column":53}},"88":{"start":{"line":89,"column":0},"end":{"line":89,"column":16}},"89":{"start":{"line":90,"column":0},"end":{"line":90,"column":32}},"90":{"start":{"line":91,"column":0},"end":{"line":91,"column":31}},"94":{"start":{"line":95,"column":0},"end":{"line":95,"column":21}},"95":{"start":{"line":96,"column":0},"end":{"line":96,"column":45}},"96":{"start":{"line":97,"column":0},"end":{"line":97,"column":22}},"97":{"start":{"line":98,"column":0},"end":{"line":98,"column":50}},"98":{"start":{"line":99,"column":0},"end":{"line":99,"column":61}},"99":{"start":{"line":100,"column":0},"end":{"line":100,"column":21}},"100":{"start":{"line":101,"column":0},"end":{"line":101,"column":51}},"101":{"start":{"line":102,"column":0},"end":{"line":102,"column":54}},"102":{"start":{"line":103,"column":0},"end":{"line":103,"column":19}},"103":{"start":{"line":104,"column":0},"end":{"line":104,"column":18}},"105":{"start":{"line":106,"column":0},"end":{"line":106,"column":56}},"106":{"start":{"line":107,"column":0},"end":{"line":107,"column":45}},"108":{"start":{"line":109,"column":0},"end":{"line":109,"column":54}},"109":{"start":{"line":110,"column":0},"end":{"line":110,"column":34}},"110":{"start":{"line":111,"column":0},"end":{"line":111,"column":48}},"111":{"start":{"line":112,"column":0},"end":{"line":112,"column":32}},"112":{"start":{"line":113,"column":0},"end":{"line":113,"column":18}},"114":{"start":{"line":115,"column":0},"end":{"line":115,"column":52}},"115":{"start":{"line":116,"column":0},"end":{"line":116,"column":46}},"116":{"start":{"line":117,"column":0},"end":{"line":117,"column":30}},"117":{"start":{"line":118,"column":0},"end":{"line":118,"column":18}},"123":{"start":{"line":124,"column":0},"end":{"line":124,"column":20}},"124":{"start":{"line":125,"column":0},"end":{"line":125,"column":48}},"125":{"start":{"line":126,"column":0},"end":{"line":126,"column":53}},"126":{"start":{"line":127,"column":0},"end":{"line":127,"column":19}},"127":{"start":{"line":128,"column":0},"end":{"line":128,"column":19}},"128":{"start":{"line":129,"column":0},"end":{"line":129,"column":58}},"130":{"start":{"line":131,"column":0},"end":{"line":131,"column":65}},"131":{"start":{"line":132,"column":0},"end":{"line":132,"column":68}},"132":{"start":{"line":133,"column":0},"end":{"line":133,"column":58}},"133":{"start":{"line":134,"column":0},"end":{"line":134,"column":17}},"135":{"start":{"line":136,"column":0},"end":{"line":136,"column":21}},"136":{"start":{"line":137,"column":0},"end":{"line":137,"column":80}},"137":{"start":{"line":138,"column":0},"end":{"line":138,"column":52}},"138":{"start":{"line":139,"column":0},"end":{"line":139,"column":20}},"140":{"start":{"line":141,"column":0},"end":{"line":141,"column":37}},"141":{"start":{"line":142,"column":0},"end":{"line":142,"column":59}},"143":{"start":{"line":144,"column":0},"end":{"line":144,"column":72}},"144":{"start":{"line":145,"column":0},"end":{"line":145,"column":21}},"146":{"start":{"line":147,"column":0},"end":{"line":147,"column":57}},"147":{"start":{"line":148,"column":0},"end":{"line":148,"column":19}},"149":{"start":{"line":150,"column":0},"end":{"line":150,"column":34}},"150":{"start":{"line":151,"column":0},"end":{"line":151,"column":57}},"151":{"start":{"line":152,"column":0},"end":{"line":152,"column":70}},"152":{"start":{"line":153,"column":0},"end":{"line":153,"column":59}},"153":{"start":{"line":154,"column":0},"end":{"line":154,"column":33}},"154":{"start":{"line":155,"column":0},"end":{"line":155,"column":50}},"155":{"start":{"line":156,"column":0},"end":{"line":156,"column":34}},"156":{"start":{"line":157,"column":0},"end":{"line":157,"column":46}},"157":{"start":{"line":158,"column":0},"end":{"line":158,"column":17}},"158":{"start":{"line":159,"column":0},"end":{"line":159,"column":16}},"160":{"start":{"line":161,"column":0},"end":{"line":161,"column":58}},"161":{"start":{"line":162,"column":0},"end":{"line":162,"column":38}},"163":{"start":{"line":164,"column":0},"end":{"line":164,"column":75}},"165":{"start":{"line":166,"column":0},"end":{"line":166,"column":46}},"166":{"start":{"line":167,"column":0},"end":{"line":167,"column":36}},"167":{"start":{"line":168,"column":0},"end":{"line":168,"column":29}},"168":{"start":{"line":169,"column":0},"end":{"line":169,"column":80}},"169":{"start":{"line":170,"column":0},"end":{"line":170,"column":18}},"170":{"start":{"line":171,"column":0},"end":{"line":171,"column":16}},"171":{"start":{"line":172,"column":0},"end":{"line":172,"column":45}},"172":{"start":{"line":173,"column":0},"end":{"line":173,"column":14}},"173":{"start":{"line":174,"column":0},"end":{"line":174,"column":12}},"175":{"start":{"line":176,"column":0},"end":{"line":176,"column":47}},"176":{"start":{"line":177,"column":0},"end":{"line":177,"column":41}},"177":{"start":{"line":178,"column":0},"end":{"line":178,"column":55}},"178":{"start":{"line":179,"column":0},"end":{"line":179,"column":46}},"179":{"start":{"line":180,"column":0},"end":{"line":180,"column":23}},"180":{"start":{"line":181,"column":0},"end":{"line":181,"column":14}},"181":{"start":{"line":182,"column":0},"end":{"line":182,"column":11}},"183":{"start":{"line":184,"column":0},"end":{"line":184,"column":46}},"184":{"start":{"line":185,"column":0},"end":{"line":185,"column":36}},"185":{"start":{"line":186,"column":0},"end":{"line":186,"column":19}},"186":{"start":{"line":187,"column":0},"end":{"line":187,"column":42}},"187":{"start":{"line":188,"column":0},"end":{"line":188,"column":60}},"188":{"start":{"line":189,"column":0},"end":{"line":189,"column":18}},"189":{"start":{"line":190,"column":0},"end":{"line":190,"column":14}},"190":{"start":{"line":191,"column":0},"end":{"line":191,"column":11}},"198":{"start":{"line":199,"column":0},"end":{"line":199,"column":10}},"199":{"start":{"line":200,"column":0},"end":{"line":200,"column":66}},"200":{"start":{"line":201,"column":0},"end":{"line":201,"column":6}},"201":{"start":{"line":202,"column":0},"end":{"line":202,"column":43}},"203":{"start":{"line":204,"column":0},"end":{"line":204,"column":69}},"204":{"start":{"line":205,"column":0},"end":{"line":205,"column":2}},"215":{"start":{"line":216,"column":0},"end":{"line":216,"column":46}},"216":{"start":{"line":217,"column":0},"end":{"line":217,"column":33}},"217":{"start":{"line":218,"column":0},"end":{"line":218,"column":6}},"218":{"start":{"line":219,"column":0},"end":{"line":219,"column":23}},"219":{"start":{"line":220,"column":0},"end":{"line":220,"column":45}},"220":{"start":{"line":221,"column":0},"end":{"line":221,"column":26}},"222":{"start":{"line":223,"column":0},"end":{"line":223,"column":14}},"223":{"start":{"line":224,"column":0},"end":{"line":224,"column":44}},"224":{"start":{"line":225,"column":0},"end":{"line":225,"column":31}},"225":{"start":{"line":226,"column":0},"end":{"line":226,"column":6}},"227":{"start":{"line":228,"column":0},"end":{"line":228,"column":45}},"228":{"start":{"line":229,"column":0},"end":{"line":229,"column":43}},"230":{"start":{"line":231,"column":0},"end":{"line":231,"column":29}},"231":{"start":{"line":232,"column":0},"end":{"line":232,"column":2}},"233":{"start":{"line":234,"column":0},"end":{"line":234,"column":40}},"234":{"start":{"line":235,"column":0},"end":{"line":235,"column":28}},"235":{"start":{"line":236,"column":0},"end":{"line":236,"column":19}},"236":{"start":{"line":237,"column":0},"end":{"line":237,"column":3}},"240":{"start":{"line":241,"column":0},"end":{"line":241,"column":77}},"242":{"start":{"line":243,"column":0},"end":{"line":243,"column":12}},"246":{"start":{"line":247,"column":0},"end":{"line":247,"column":26}},"247":{"start":{"line":248,"column":0},"end":{"line":248,"column":32}},"249":{"start":{"line":250,"column":0},"end":{"line":250,"column":52}},"251":{"start":{"line":252,"column":0},"end":{"line":252,"column":46}},"252":{"start":{"line":253,"column":0},"end":{"line":253,"column":79}},"253":{"start":{"line":254,"column":0},"end":{"line":254,"column":32}},"254":{"start":{"line":255,"column":0},"end":{"line":255,"column":10}},"255":{"start":{"line":256,"column":0},"end":{"line":256,"column":5}},"257":{"start":{"line":258,"column":0},"end":{"line":258,"column":45}},"258":{"start":{"line":259,"column":0},"end":{"line":259,"column":64}},"259":{"start":{"line":260,"column":0},"end":{"line":260,"column":31}},"260":{"start":{"line":261,"column":0},"end":{"line":261,"column":10}},"261":{"start":{"line":262,"column":0},"end":{"line":262,"column":5}}},"s":{"0":1,"1":1,"4":1,"5":138,"6":138,"7":138,"8":138,"9":138,"10":138,"12":138,"13":138,"14":92,"15":92,"16":92,"17":92,"18":92,"19":92,"20":46,"22":138,"24":138,"25":138,"26":43,"27":3,"28":43,"29":138,"30":201,"31":201,"33":197,"34":201,"36":193,"37":201,"39":189,"40":201,"42":185,"43":20,"44":8,"45":12,"46":8,"47":4,"49":201,"51":201,"52":24,"53":24,"55":16,"56":16,"58":16,"59":8,"60":8,"61":8,"62":24,"64":201,"66":145,"67":145,"68":145,"69":145,"70":145,"72":145,"73":145,"74":51,"75":2,"76":144,"78":201,"80":144,"81":144,"82":141,"83":141,"84":141,"85":141,"86":141,"87":141,"88":141,"89":141,"90":141,"94":141,"95":141,"96":76,"97":76,"98":76,"99":76,"100":21,"101":21,"102":21,"103":76,"105":141,"106":141,"108":141,"109":49,"110":49,"111":49,"112":49,"114":141,"115":21,"116":21,"117":21,"123":141,"124":141,"125":141,"126":141,"127":141,"128":69,"130":25,"131":69,"132":11,"133":11,"135":72,"136":72,"137":72,"138":72,"140":141,"141":43,"143":10,"144":10,"146":33,"147":33,"149":22,"150":22,"151":1,"152":21,"153":141,"154":7,"155":5,"156":5,"157":5,"158":141,"160":141,"161":141,"163":70,"165":70,"166":70,"167":70,"168":70,"169":70,"170":70,"171":70,"172":70,"173":141,"175":141,"176":48,"177":48,"178":25,"179":23,"180":48,"181":48,"183":93,"184":93,"185":93,"186":93,"187":93,"188":93,"189":93,"190":93,"198":141,"199":144,"200":201,"201":138,"203":138,"204":138,"215":1,"216":162,"217":162,"218":162,"219":162,"220":324,"222":324,"223":162,"224":162,"225":162,"227":162,"228":162,"230":162,"231":162,"233":1,"234":162,"235":162,"236":162,"240":1,"242":1,"246":609,"247":609,"249":609,"251":1,"252":35,"253":35,"254":35,"255":35,"257":1,"258":11,"259":11,"260":11,"261":11},"branchMap":{"0":{"type":"branch","line":5,"loc":{"start":{"line":5,"column":42},"end":{"line":205,"column":2}},"locations":[{"start":{"line":5,"column":42},"end":{"line":205,"column":2}}]},"1":{"type":"branch","line":11,"loc":{"start":{"line":11,"column":4},"end":{"line":11,"column":61}},"locations":[{"start":{"line":11,"column":4},"end":{"line":11,"column":61}}]},"2":{"type":"branch","line":14,"loc":{"start":{"line":14,"column":43},"end":{"line":14,"column":76}},"locations":[{"start":{"line":14,"column":43},"end":{"line":14,"column":76}}]},"3":{"type":"branch","line":14,"loc":{"start":{"line":14,"column":49},"end":{"line":20,"column":12}},"locations":[{"start":{"line":14,"column":49},"end":{"line":20,"column":12}}]},"4":{"type":"branch","line":20,"loc":{"start":{"line":20,"column":11},"end":{"line":21,"column":13}},"locations":[{"start":{"line":20,"column":11},"end":{"line":21,"column":13}}]},"5":{"type":"branch","line":15,"loc":{"start":{"line":15,"column":9},"end":{"line":20,"column":11}},"locations":[{"start":{"line":15,"column":9},"end":{"line":20,"column":11}}]},"6":{"type":"branch","line":26,"loc":{"start":{"line":26,"column":4},"end":{"line":29,"column":6}},"locations":[{"start":{"line":26,"column":4},"end":{"line":29,"column":6}}]},"7":{"type":"branch","line":27,"loc":{"start":{"line":27,"column":55},"end":{"line":27,"column":67}},"locations":[{"start":{"line":27,"column":55},"end":{"line":27,"column":67}}]},"8":{"type":"branch","line":27,"loc":{"start":{"line":27,"column":62},"end":{"line":28,"column":36}},"locations":[{"start":{"line":27,"column":62},"end":{"line":28,"column":36}}]},"9":{"type":"branch","line":30,"loc":{"start":{"line":30,"column":4},"end":{"line":201,"column":6}},"locations":[{"start":{"line":30,"column":4},"end":{"line":201,"column":6}}]},"10":{"type":"branch","line":32,"loc":{"start":{"line":32,"column":8},"end":{"line":32,"column":56}},"locations":[{"start":{"line":32,"column":8},"end":{"line":32,"column":56}}]},"11":{"type":"branch","line":32,"loc":{"start":{"line":32,"column":54},"end":{"line":35,"column":15}},"locations":[{"start":{"line":32,"column":54},"end":{"line":35,"column":15}}]},"12":{"type":"branch","line":35,"loc":{"start":{"line":35,"column":8},"end":{"line":35,"column":57}},"locations":[{"start":{"line":35,"column":8},"end":{"line":35,"column":57}}]},"13":{"type":"branch","line":35,"loc":{"start":{"line":35,"column":55},"end":{"line":38,"column":15}},"locations":[{"start":{"line":35,"column":55},"end":{"line":38,"column":15}}]},"14":{"type":"branch","line":38,"loc":{"start":{"line":38,"column":8},"end":{"line":38,"column":58}},"locations":[{"start":{"line":38,"column":8},"end":{"line":38,"column":58}}]},"15":{"type":"branch","line":38,"loc":{"start":{"line":38,"column":56},"end":{"line":41,"column":15}},"locations":[{"start":{"line":38,"column":56},"end":{"line":41,"column":15}}]},"16":{"type":"branch","line":41,"loc":{"start":{"line":41,"column":8},"end":{"line":41,"column":57}},"locations":[{"start":{"line":41,"column":8},"end":{"line":41,"column":57}}]},"17":{"type":"branch","line":41,"loc":{"start":{"line":41,"column":55},"end":{"line":50,"column":50}},"locations":[{"start":{"line":41,"column":55},"end":{"line":50,"column":50}}]},"18":{"type":"branch","line":50,"loc":{"start":{"line":50,"column":43},"end":{"line":50,"column":73}},"locations":[{"start":{"line":50,"column":43},"end":{"line":50,"column":73}}]},"19":{"type":"branch","line":50,"loc":{"start":{"line":50,"column":71},"end":{"line":52,"column":44}},"locations":[{"start":{"line":50,"column":71},"end":{"line":52,"column":44}}]},"20":{"type":"branch","line":52,"loc":{"start":{"line":52,"column":33},"end":{"line":52,"column":77}},"locations":[{"start":{"line":52,"column":33},"end":{"line":52,"column":77}}]},"21":{"type":"branch","line":52,"loc":{"start":{"line":52,"column":77},"end":{"line":63,"column":7}},"locations":[{"start":{"line":52,"column":77},"end":{"line":63,"column":7}}]},"22":{"type":"branch","line":54,"loc":{"start":{"line":54,"column":10},"end":{"line":54,"column":80}},"locations":[{"start":{"line":54,"column":10},"end":{"line":54,"column":80}}]},"23":{"type":"branch","line":54,"loc":{"start":{"line":54,"column":78},"end":{"line":62,"column":52}},"locations":[{"start":{"line":54,"column":78},"end":{"line":62,"column":52}}]},"24":{"type":"branch","line":59,"loc":{"start":{"line":59,"column":10},"end":{"line":62,"column":52}},"locations":[{"start":{"line":59,"column":10},"end":{"line":62,"column":52}}]},"25":{"type":"branch","line":60,"loc":{"start":{"line":60,"column":132},"end":{"line":60,"column":153}},"locations":[{"start":{"line":60,"column":132},"end":{"line":60,"column":153}}]},"26":{"type":"branch","line":60,"loc":{"start":{"line":60,"column":142},"end":{"line":60,"column":160}},"locations":[{"start":{"line":60,"column":142},"end":{"line":60,"column":160}}]},"27":{"type":"branch","line":63,"loc":{"start":{"line":63,"column":6},"end":{"line":65,"column":47}},"locations":[{"start":{"line":63,"column":6},"end":{"line":65,"column":47}}]},"28":{"type":"branch","line":65,"loc":{"start":{"line":65,"column":40},"end":{"line":65,"column":51}},"locations":[{"start":{"line":65,"column":40},"end":{"line":65,"column":51}}]},"29":{"type":"branch","line":65,"loc":{"start":{"line":65,"column":47},"end":{"line":74,"column":41}},"locations":[{"start":{"line":65,"column":47},"end":{"line":74,"column":41}}]},"30":{"type":"branch","line":74,"loc":{"start":{"line":74,"column":32},"end":{"line":75,"column":43}},"locations":[{"start":{"line":74,"column":32},"end":{"line":75,"column":43}}]},"31":{"type":"branch","line":75,"loc":{"start":{"line":75,"column":33},"end":{"line":76,"column":46}},"locations":[{"start":{"line":75,"column":33},"end":{"line":76,"column":46}}]},"32":{"type":"branch","line":76,"loc":{"start":{"line":76,"column":33},"end":{"line":77,"column":49}},"locations":[{"start":{"line":76,"column":33},"end":{"line":77,"column":49}}]},"33":{"type":"branch","line":79,"loc":{"start":{"line":79,"column":8},"end":{"line":79,"column":35}},"locations":[{"start":{"line":79,"column":8},"end":{"line":79,"column":35}}]},"34":{"type":"branch","line":79,"loc":{"start":{"line":79,"column":15},"end":{"line":200,"column":66}},"locations":[{"start":{"line":79,"column":15},"end":{"line":200,"column":66}}]},"35":{"type":"branch","line":43,"loc":{"start":{"line":43,"column":35},"end":{"line":48,"column":24}},"locations":[{"start":{"line":43,"column":35},"end":{"line":48,"column":24}}]},"36":{"type":"branch","line":44,"loc":{"start":{"line":44,"column":49},"end":{"line":45,"column":23}},"locations":[{"start":{"line":44,"column":49},"end":{"line":45,"column":23}}]},"37":{"type":"branch","line":45,"loc":{"start":{"line":45,"column":12},"end":{"line":48,"column":24}},"locations":[{"start":{"line":45,"column":12},"end":{"line":48,"column":24}}]},"38":{"type":"branch","line":46,"loc":{"start":{"line":46,"column":52},"end":{"line":47,"column":24}},"locations":[{"start":{"line":46,"column":52},"end":{"line":47,"column":24}}]},"39":{"type":"branch","line":47,"loc":{"start":{"line":47,"column":14},"end":{"line":48,"column":24}},"locations":[{"start":{"line":47,"column":14},"end":{"line":48,"column":24}}]},"40":{"type":"branch","line":82,"loc":{"start":{"line":82,"column":8},"end":{"line":199,"column":10}},"locations":[{"start":{"line":82,"column":8},"end":{"line":199,"column":10}}]},"41":{"type":"branch","line":176,"loc":{"start":{"line":176,"column":46},"end":{"line":182,"column":11}},"locations":[{"start":{"line":176,"column":46},"end":{"line":182,"column":11}}]},"42":{"type":"branch","line":182,"loc":{"start":{"line":182,"column":10},"end":{"line":191,"column":11}},"locations":[{"start":{"line":182,"column":10},"end":{"line":191,"column":11}}]},"43":{"type":"branch","line":87,"loc":{"start":{"line":87,"column":35},"end":{"line":174,"column":12}},"locations":[{"start":{"line":87,"column":35},"end":{"line":174,"column":12}}]},"44":{"type":"branch","line":162,"loc":{"start":{"line":162,"column":14},"end":{"line":162,"column":38}},"locations":[{"start":{"line":162,"column":14},"end":{"line":162,"column":38}}]},"45":{"type":"branch","line":162,"loc":{"start":{"line":162,"column":36},"end":{"line":173,"column":14}},"locations":[{"start":{"line":162,"column":36},"end":{"line":173,"column":14}}]},"46":{"type":"branch","line":91,"loc":{"start":{"line":91,"column":14},"end":{"line":159,"column":16}},"locations":[{"start":{"line":91,"column":14},"end":{"line":159,"column":16}}]},"47":{"type":"branch","line":95,"loc":{"start":{"line":95,"column":14},"end":{"line":159,"column":16}},"locations":[{"start":{"line":95,"column":14},"end":{"line":159,"column":16}}]},"48":{"type":"branch","line":128,"loc":{"start":{"line":128,"column":18},"end":{"line":134,"column":17}},"locations":[{"start":{"line":128,"column":18},"end":{"line":134,"column":17}}]},"49":{"type":"branch","line":129,"loc":{"start":{"line":129,"column":37},"end":{"line":129,"column":58}},"locations":[{"start":{"line":129,"column":37},"end":{"line":129,"column":58}}]},"50":{"type":"branch","line":129,"loc":{"start":{"line":129,"column":44},"end":{"line":132,"column":27}},"locations":[{"start":{"line":129,"column":44},"end":{"line":132,"column":27}}]},"51":{"type":"branch","line":132,"loc":{"start":{"line":132,"column":20},"end":{"line":132,"column":68}},"locations":[{"start":{"line":132,"column":20},"end":{"line":132,"column":68}}]},"52":{"type":"branch","line":132,"loc":{"start":{"line":132,"column":66},"end":{"line":134,"column":17}},"locations":[{"start":{"line":132,"column":66},"end":{"line":134,"column":17}}]},"53":{"type":"branch","line":134,"loc":{"start":{"line":134,"column":16},"end":{"line":141,"column":36}},"locations":[{"start":{"line":134,"column":16},"end":{"line":141,"column":36}}]},"54":{"type":"branch","line":141,"loc":{"start":{"line":141,"column":36},"end":{"line":148,"column":19}},"locations":[{"start":{"line":141,"column":36},"end":{"line":148,"column":19}}]},"55":{"type":"branch","line":142,"loc":{"start":{"line":142,"column":58},"end":{"line":145,"column":21}},"locations":[{"start":{"line":142,"column":58},"end":{"line":145,"column":21}}]},"56":{"type":"branch","line":145,"loc":{"start":{"line":145,"column":20},"end":{"line":148,"column":19}},"locations":[{"start":{"line":145,"column":20},"end":{"line":148,"column":19}}]},"57":{"type":"branch","line":148,"loc":{"start":{"line":148,"column":18},"end":{"line":151,"column":57}},"locations":[{"start":{"line":148,"column":18},"end":{"line":151,"column":57}}]},"58":{"type":"branch","line":151,"loc":{"start":{"line":151,"column":56},"end":{"line":152,"column":70}},"locations":[{"start":{"line":151,"column":56},"end":{"line":152,"column":70}}]},"59":{"type":"branch","line":152,"loc":{"start":{"line":152,"column":69},"end":{"line":153,"column":59}},"locations":[{"start":{"line":152,"column":69},"end":{"line":153,"column":59}}]},"60":{"type":"branch","line":154,"loc":{"start":{"line":154,"column":16},"end":{"line":158,"column":17}},"locations":[{"start":{"line":154,"column":16},"end":{"line":158,"column":17}}]},"61":{"type":"branch","line":155,"loc":{"start":{"line":155,"column":36},"end":{"line":155,"column":50}},"locations":[{"start":{"line":155,"column":36},"end":{"line":155,"column":50}}]},"62":{"type":"branch","line":155,"loc":{"start":{"line":155,"column":48},"end":{"line":158,"column":17}},"locations":[{"start":{"line":155,"column":48},"end":{"line":158,"column":17}}]},"63":{"type":"branch","line":96,"loc":{"start":{"line":96,"column":38},"end":{"line":104,"column":18}},"locations":[{"start":{"line":96,"column":38},"end":{"line":104,"column":18}}]},"64":{"type":"branch","line":100,"loc":{"start":{"line":100,"column":20},"end":{"line":103,"column":19}},"locations":[{"start":{"line":100,"column":20},"end":{"line":103,"column":19}}]},"65":{"type":"branch","line":101,"loc":{"start":{"line":101,"column":41},"end":{"line":101,"column":49}},"locations":[{"start":{"line":101,"column":41},"end":{"line":101,"column":49}}]},"66":{"type":"branch","line":109,"loc":{"start":{"line":109,"column":32},"end":{"line":113,"column":18}},"locations":[{"start":{"line":109,"column":32},"end":{"line":113,"column":18}}]},"67":{"type":"branch","line":115,"loc":{"start":{"line":115,"column":31},"end":{"line":118,"column":18}},"locations":[{"start":{"line":115,"column":31},"end":{"line":118,"column":18}}]},"68":{"type":"branch","line":177,"loc":{"start":{"line":177,"column":36},"end":{"line":180,"column":23}},"locations":[{"start":{"line":177,"column":36},"end":{"line":180,"column":23}}]},"69":{"type":"branch","line":178,"loc":{"start":{"line":178,"column":54},"end":{"line":179,"column":46}},"locations":[{"start":{"line":178,"column":54},"end":{"line":179,"column":46}}]},"70":{"type":"branch","line":179,"loc":{"start":{"line":179,"column":45},"end":{"line":180,"column":23}},"locations":[{"start":{"line":179,"column":45},"end":{"line":180,"column":23}}]},"71":{"type":"branch","line":186,"loc":{"start":{"line":186,"column":14},"end":{"line":189,"column":18}},"locations":[{"start":{"line":186,"column":14},"end":{"line":189,"column":18}}]},"72":{"type":"branch","line":216,"loc":{"start":{"line":216,"column":29},"end":{"line":232,"column":2}},"locations":[{"start":{"line":216,"column":29},"end":{"line":232,"column":2}}]},"73":{"type":"branch","line":220,"loc":{"start":{"line":220,"column":4},"end":{"line":226,"column":6}},"locations":[{"start":{"line":220,"column":4},"end":{"line":226,"column":6}}]},"74":{"type":"branch","line":223,"loc":{"start":{"line":223,"column":4},"end":{"line":226,"column":6}},"locations":[{"start":{"line":223,"column":4},"end":{"line":226,"column":6}}]},"75":{"type":"branch","line":234,"loc":{"start":{"line":234,"column":32},"end":{"line":237,"column":3}},"locations":[{"start":{"line":234,"column":32},"end":{"line":237,"column":3}}]},"76":{"type":"branch","line":241,"loc":{"start":{"line":241,"column":37},"end":{"line":241,"column":77}},"locations":[{"start":{"line":241,"column":37},"end":{"line":241,"column":77}}]},"77":{"type":"branch","line":243,"loc":{"start":{"line":243,"column":11},"end":{"line":250,"column":52}},"locations":[{"start":{"line":243,"column":11},"end":{"line":250,"column":52}}]},"78":{"type":"branch","line":252,"loc":{"start":{"line":252,"column":30},"end":{"line":256,"column":5}},"locations":[{"start":{"line":252,"column":30},"end":{"line":256,"column":5}}]},"79":{"type":"branch","line":258,"loc":{"start":{"line":258,"column":29},"end":{"line":262,"column":5}},"locations":[{"start":{"line":258,"column":29},"end":{"line":262,"column":5}}]}},"b":{"0":[138],"1":[92],"2":[92],"3":[92],"4":[46],"5":[92],"6":[43],"7":[40],"8":[3],"9":[201],"10":[4],"11":[197],"12":[4],"13":[193],"14":[4],"15":[189],"16":[4],"17":[185],"18":[12],"19":[173],"20":[161],"21":[24],"22":[8],"23":[16],"24":[8],"25":[4],"26":[4],"27":[149],"28":[4],"29":[145],"30":[51],"31":[2],"32":[144],"33":[1],"34":[144],"35":[20],"36":[8],"37":[12],"38":[8],"39":[4],"40":[141],"41":[48],"42":[93],"43":[141],"44":[71],"45":[70],"46":[141],"47":[141],"48":[69],"49":[44],"50":[25],"51":[14],"52":[11],"53":[72],"54":[43],"55":[10],"56":[33],"57":[22],"58":[1],"59":[21],"60":[7],"61":[2],"62":[5],"63":[76],"64":[21],"65":[21],"66":[49],"67":[21],"68":[48],"69":[25],"70":[23],"71":[93],"72":[162],"73":[324],"74":[162],"75":[162],"76":[141],"77":[609],"78":[35],"79":[11]},"fnMap":{"0":{"name":"wrapPromiseInStatusMonitor","decl":{"start":{"line":5,"column":42},"end":{"line":205,"column":2}},"loc":{"start":{"line":5,"column":42},"end":{"line":205,"column":2}},"line":5},"1":{"name":"has","decl":{"start":{"line":26,"column":4},"end":{"line":29,"column":6}},"loc":{"start":{"line":26,"column":4},"end":{"line":29,"column":6}},"line":26},"2":{"name":"get","decl":{"start":{"line":30,"column":4},"end":{"line":201,"column":6}},"loc":{"start":{"line":30,"column":4},"end":{"line":201,"column":6}},"line":30},"3":{"name":"getCurrentTextStatus","decl":{"start":{"line":43,"column":35},"end":{"line":48,"column":24}},"loc":{"start":{"line":43,"column":35},"end":{"line":48,"column":24}},"line":43},"4":{"name":"apply","decl":{"start":{"line":82,"column":8},"end":{"line":199,"column":10}},"loc":{"start":{"line":82,"column":8},"end":{"line":199,"column":10}},"line":82},"5":{"name":"buildReturnValue","decl":{"start":{"line":87,"column":35},"end":{"line":174,"column":12}},"loc":{"start":{"line":87,"column":35},"end":{"line":174,"column":12}},"line":87},"6":{"name":"actOnSettled","decl":{"start":{"line":91,"column":14},"end":{"line":159,"column":16}},"loc":{"start":{"line":91,"column":14},"end":{"line":159,"column":16}},"line":91},"7":{"name":"removeWarning","decl":{"start":{"line":96,"column":38},"end":{"line":104,"column":18}},"loc":{"start":{"line":96,"column":38},"end":{"line":104,"column":18}},"line":96},"8":{"name":"fulfill","decl":{"start":{"line":109,"column":32},"end":{"line":113,"column":18}},"loc":{"start":{"line":109,"column":32},"end":{"line":113,"column":18}},"line":109},"9":{"name":"reject","decl":{"start":{"line":115,"column":31},"end":{"line":118,"column":18}},"loc":{"start":{"line":115,"column":31},"end":{"line":118,"column":18}},"line":115},"10":{"name":"getResolutionSetters","decl":{"start":{"line":216,"column":29},"end":{"line":232,"column":2}},"loc":{"start":{"line":216,"column":29},"end":{"line":232,"column":2}},"line":216},"11":{"name":"setResolution","decl":{"start":{"line":220,"column":4},"end":{"line":226,"column":6}},"loc":{"start":{"line":220,"column":4},"end":{"line":226,"column":6}},"line":220},"12":{"name":"getNewPendingResolution","decl":{"start":{"line":234,"column":32},"end":{"line":237,"column":3}},"loc":{"start":{"line":234,"column":32},"end":{"line":237,"column":3}},"line":234},"13":{"name":"isValidPromiseMethodCallback","decl":{"start":{"line":241,"column":37},"end":{"line":241,"column":77}},"loc":{"start":{"line":241,"column":37},"end":{"line":241,"column":77}},"line":241},"14":{"name":"is","decl":{"start":{"line":243,"column":11},"end":{"line":250,"column":52}},"loc":{"start":{"line":243,"column":11},"end":{"line":250,"column":52}},"line":243},"15":{"name":"PromiseResolve","decl":{"start":{"line":252,"column":30},"end":{"line":256,"column":5}},"loc":{"start":{"line":252,"column":30},"end":{"line":256,"column":5}},"line":252},"16":{"name":"PromiseReject","decl":{"start":{"line":258,"column":29},"end":{"line":262,"column":5}},"loc":{"start":{"line":258,"column":29},"end":{"line":262,"column":5}},"line":258}},"f":{"0":138,"1":43,"2":201,"3":20,"4":141,"5":141,"6":141,"7":76,"8":49,"9":21,"10":162,"11":324,"12":162,"13":141,"14":609,"15":35,"16":11}}
}
