{"/home/runner/work/sync-check-promise-status/sync-check-promise-status/consts.ts": {"path":"/home/runner/work/sync-check-promise-status/sync-check-promise-status/consts.ts","all":false,"statementMap":{"0":{"start":{"line":1,"column":0},"end":{"line":1,"column":26}},"1":{"start":{"line":2,"column":0},"end":{"line":2,"column":16}},"2":{"start":{"line":3,"column":0},"end":{"line":3,"column":18}},"3":{"start":{"line":4,"column":0},"end":{"line":4,"column":17}},"4":{"start":{"line":5,"column":0},"end":{"line":5,"column":11}},"9":{"start":{"line":10,"column":0},"end":{"line":10,"column":43}},"10":{"start":{"line":11,"column":0},"end":{"line":11,"column":16}},"11":{"start":{"line":12,"column":0},"end":{"line":12,"column":14}},"12":{"start":{"line":13,"column":0},"end":{"line":13,"column":15}},"13":{"start":{"line":14,"column":0},"end":{"line":14,"column":14}},"15":{"start":{"line":16,"column":0},"end":{"line":16,"column":11}},"16":{"start":{"line":17,"column":0},"end":{"line":17,"column":11}},"17":{"start":{"line":18,"column":0},"end":{"line":18,"column":8}},"18":{"start":{"line":19,"column":0},"end":{"line":19,"column":10}},"19":{"start":{"line":20,"column":0},"end":{"line":20,"column":3}}},"s":{"0":1,"1":1,"2":1,"3":1,"4":1,"9":1,"10":1,"11":1,"12":1,"13":1,"15":1,"16":1,"17":1,"18":1,"19":1},"branchMap":{},"b":{},"fnMap":{},"f":{}}
,"/home/runner/work/sync-check-promise-status/sync-check-promise-status/patchPromiseGlobally.ts": {"path":"/home/runner/work/sync-check-promise-status/sync-check-promise-status/patchPromiseGlobally.ts","all":true,"statementMap":{"0":{"start":{"line":1,"column":0},"end":{"line":1,"column":43}},"1":{"start":{"line":2,"column":0},"end":{"line":2,"column":59}},"2":{"start":{"line":3,"column":0},"end":{"line":3,"column":2}}},"s":{"0":0,"1":0,"2":0},"branchMap":{"0":{"type":"branch","line":1,"loc":{"start":{"line":1,"column":106},"end":{"line":3,"column":2}},"locations":[{"start":{"line":1,"column":106},"end":{"line":3,"column":2}}]}},"b":{"0":[0]},"fnMap":{"0":{"name":"(empty-report)","decl":{"start":{"line":1,"column":106},"end":{"line":3,"column":2}},"loc":{"start":{"line":1,"column":106},"end":{"line":3,"column":2}},"line":1}},"f":{"0":0}}
,"/home/runner/work/sync-check-promise-status/sync-check-promise-status/types.ts": {"path":"/home/runner/work/sync-check-promise-status/sync-check-promise-status/types.ts","all":true,"statementMap":{},"s":{},"branchMap":{"0":{"type":"branch","line":1,"loc":{"start":{"line":1,"column":875},"end":{"line":34,"column":58}},"locations":[{"start":{"line":1,"column":875},"end":{"line":34,"column":58}}]}},"b":{"0":[1]},"fnMap":{"0":{"name":"(empty-report)","decl":{"start":{"line":1,"column":875},"end":{"line":34,"column":58}},"loc":{"start":{"line":1,"column":875},"end":{"line":34,"column":58}},"line":1}},"f":{"0":1}}
,"/home/runner/work/sync-check-promise-status/sync-check-promise-status/wrapPromise.ts": {"path":"/home/runner/work/sync-check-promise-status/sync-check-promise-status/wrapPromise.ts","all":false,"statementMap":{"0":{"start":{"line":1,"column":0},"end":{"line":1,"column":79}},"3":{"start":{"line":4,"column":0},"end":{"line":4,"column":80}},"4":{"start":{"line":5,"column":0},"end":{"line":5,"column":31}},"5":{"start":{"line":6,"column":0},"end":{"line":6,"column":16}},"6":{"start":{"line":7,"column":0},"end":{"line":7,"column":60}},"7":{"start":{"line":8,"column":0},"end":{"line":8,"column":6}},"8":{"start":{"line":9,"column":0},"end":{"line":9,"column":53}},"9":{"start":{"line":10,"column":0},"end":{"line":10,"column":61}},"11":{"start":{"line":12,"column":0},"end":{"line":12,"column":25}},"12":{"start":{"line":13,"column":0},"end":{"line":13,"column":76}},"13":{"start":{"line":14,"column":0},"end":{"line":14,"column":16}},"14":{"start":{"line":15,"column":0},"end":{"line":15,"column":67}},"15":{"start":{"line":16,"column":0},"end":{"line":16,"column":38}},"16":{"start":{"line":17,"column":0},"end":{"line":17,"column":12}},"17":{"start":{"line":18,"column":0},"end":{"line":18,"column":47}},"18":{"start":{"line":19,"column":0},"end":{"line":19,"column":12}},"19":{"start":{"line":20,"column":0},"end":{"line":20,"column":13}},"21":{"start":{"line":22,"column":0},"end":{"line":22,"column":41}},"23":{"start":{"line":24,"column":0},"end":{"line":24,"column":27}},"24":{"start":{"line":25,"column":0},"end":{"line":25,"column":20}},"25":{"start":{"line":26,"column":0},"end":{"line":26,"column":67}},"26":{"start":{"line":27,"column":0},"end":{"line":27,"column":36}},"27":{"start":{"line":28,"column":0},"end":{"line":28,"column":6}},"28":{"start":{"line":29,"column":0},"end":{"line":29,"column":59}},"29":{"start":{"line":30,"column":0},"end":{"line":30,"column":45}},"30":{"start":{"line":31,"column":0},"end":{"line":31,"column":56}},"32":{"start":{"line":33,"column":0},"end":{"line":33,"column":45}},"33":{"start":{"line":34,"column":0},"end":{"line":34,"column":57}},"35":{"start":{"line":36,"column":0},"end":{"line":36,"column":47}},"36":{"start":{"line":37,"column":0},"end":{"line":37,"column":58}},"38":{"start":{"line":39,"column":0},"end":{"line":39,"column":46}},"39":{"start":{"line":40,"column":0},"end":{"line":40,"column":57}},"41":{"start":{"line":42,"column":0},"end":{"line":42,"column":40}},"42":{"start":{"line":43,"column":0},"end":{"line":43,"column":50}},"43":{"start":{"line":44,"column":0},"end":{"line":44,"column":23}},"44":{"start":{"line":45,"column":0},"end":{"line":45,"column":53}},"45":{"start":{"line":46,"column":0},"end":{"line":46,"column":24}},"46":{"start":{"line":47,"column":0},"end":{"line":47,"column":24}},"48":{"start":{"line":49,"column":0},"end":{"line":49,"column":73}},"50":{"start":{"line":51,"column":0},"end":{"line":51,"column":78}},"51":{"start":{"line":52,"column":0},"end":{"line":52,"column":53}},"52":{"start":{"line":53,"column":0},"end":{"line":53,"column":80}},"54":{"start":{"line":55,"column":0},"end":{"line":55,"column":46}},"55":{"start":{"line":56,"column":0},"end":{"line":56,"column":52}},"57":{"start":{"line":58,"column":0},"end":{"line":58,"column":26}},"58":{"start":{"line":59,"column":0},"end":{"line":59,"column":164}},"59":{"start":{"line":60,"column":0},"end":{"line":60,"column":12}},"60":{"start":{"line":61,"column":0},"end":{"line":61,"column":52}},"61":{"start":{"line":62,"column":0},"end":{"line":62,"column":7}},"63":{"start":{"line":64,"column":0},"end":{"line":64,"column":51}},"65":{"start":{"line":66,"column":0},"end":{"line":66,"column":46}},"66":{"start":{"line":67,"column":0},"end":{"line":67,"column":22}},"67":{"start":{"line":68,"column":0},"end":{"line":68,"column":27}},"68":{"start":{"line":69,"column":0},"end":{"line":69,"column":22}},"69":{"start":{"line":70,"column":0},"end":{"line":70,"column":8}},"71":{"start":{"line":72,"column":0},"end":{"line":72,"column":10}},"72":{"start":{"line":73,"column":0},"end":{"line":73,"column":41}},"73":{"start":{"line":74,"column":0},"end":{"line":74,"column":43}},"74":{"start":{"line":75,"column":0},"end":{"line":75,"column":46}},"75":{"start":{"line":76,"column":0},"end":{"line":76,"column":49}},"77":{"start":{"line":78,"column":0},"end":{"line":78,"column":35}},"79":{"start":{"line":80,"column":0},"end":{"line":80,"column":45}},"80":{"start":{"line":81,"column":0},"end":{"line":81,"column":14}},"81":{"start":{"line":82,"column":0},"end":{"line":82,"column":41}},"82":{"start":{"line":83,"column":0},"end":{"line":83,"column":31}},"83":{"start":{"line":84,"column":0},"end":{"line":84,"column":36}},"84":{"start":{"line":85,"column":0},"end":{"line":85,"column":11}},"85":{"start":{"line":86,"column":0},"end":{"line":86,"column":36}},"86":{"start":{"line":87,"column":0},"end":{"line":87,"column":53}},"87":{"start":{"line":88,"column":0},"end":{"line":88,"column":16}},"88":{"start":{"line":89,"column":0},"end":{"line":89,"column":32}},"89":{"start":{"line":90,"column":0},"end":{"line":90,"column":31}},"93":{"start":{"line":94,"column":0},"end":{"line":94,"column":21}},"94":{"start":{"line":95,"column":0},"end":{"line":95,"column":29}},"95":{"start":{"line":96,"column":0},"end":{"line":96,"column":78}},"96":{"start":{"line":97,"column":0},"end":{"line":97,"column":66}},"97":{"start":{"line":98,"column":0},"end":{"line":98,"column":18}},"99":{"start":{"line":100,"column":0},"end":{"line":100,"column":45}},"100":{"start":{"line":101,"column":0},"end":{"line":101,"column":22}},"101":{"start":{"line":102,"column":0},"end":{"line":102,"column":50}},"102":{"start":{"line":103,"column":0},"end":{"line":103,"column":61}},"103":{"start":{"line":104,"column":0},"end":{"line":104,"column":21}},"104":{"start":{"line":105,"column":0},"end":{"line":105,"column":51}},"105":{"start":{"line":106,"column":0},"end":{"line":106,"column":54}},"106":{"start":{"line":107,"column":0},"end":{"line":107,"column":19}},"107":{"start":{"line":108,"column":0},"end":{"line":108,"column":18}},"109":{"start":{"line":110,"column":0},"end":{"line":110,"column":56}},"110":{"start":{"line":111,"column":0},"end":{"line":111,"column":45}},"112":{"start":{"line":113,"column":0},"end":{"line":113,"column":54}},"113":{"start":{"line":114,"column":0},"end":{"line":114,"column":34}},"114":{"start":{"line":115,"column":0},"end":{"line":115,"column":48}},"115":{"start":{"line":116,"column":0},"end":{"line":116,"column":32}},"116":{"start":{"line":117,"column":0},"end":{"line":117,"column":18}},"118":{"start":{"line":119,"column":0},"end":{"line":119,"column":52}},"119":{"start":{"line":120,"column":0},"end":{"line":120,"column":46}},"120":{"start":{"line":121,"column":0},"end":{"line":121,"column":30}},"121":{"start":{"line":122,"column":0},"end":{"line":122,"column":18}},"127":{"start":{"line":128,"column":0},"end":{"line":128,"column":20}},"128":{"start":{"line":129,"column":0},"end":{"line":129,"column":48}},"129":{"start":{"line":130,"column":0},"end":{"line":130,"column":53}},"130":{"start":{"line":131,"column":0},"end":{"line":131,"column":19}},"131":{"start":{"line":132,"column":0},"end":{"line":132,"column":19}},"132":{"start":{"line":133,"column":0},"end":{"line":133,"column":58}},"134":{"start":{"line":135,"column":0},"end":{"line":135,"column":65}},"135":{"start":{"line":136,"column":0},"end":{"line":136,"column":68}},"136":{"start":{"line":137,"column":0},"end":{"line":137,"column":58}},"137":{"start":{"line":138,"column":0},"end":{"line":138,"column":17}},"139":{"start":{"line":140,"column":0},"end":{"line":140,"column":21}},"140":{"start":{"line":141,"column":0},"end":{"line":141,"column":80}},"141":{"start":{"line":142,"column":0},"end":{"line":142,"column":52}},"142":{"start":{"line":143,"column":0},"end":{"line":143,"column":20}},"144":{"start":{"line":145,"column":0},"end":{"line":145,"column":37}},"145":{"start":{"line":146,"column":0},"end":{"line":146,"column":59}},"147":{"start":{"line":148,"column":0},"end":{"line":148,"column":72}},"148":{"start":{"line":149,"column":0},"end":{"line":149,"column":21}},"150":{"start":{"line":151,"column":0},"end":{"line":151,"column":57}},"151":{"start":{"line":152,"column":0},"end":{"line":152,"column":19}},"153":{"start":{"line":154,"column":0},"end":{"line":154,"column":34}},"154":{"start":{"line":155,"column":0},"end":{"line":155,"column":57}},"155":{"start":{"line":156,"column":0},"end":{"line":156,"column":70}},"156":{"start":{"line":157,"column":0},"end":{"line":157,"column":59}},"157":{"start":{"line":158,"column":0},"end":{"line":158,"column":33}},"158":{"start":{"line":159,"column":0},"end":{"line":159,"column":50}},"159":{"start":{"line":160,"column":0},"end":{"line":160,"column":34}},"160":{"start":{"line":161,"column":0},"end":{"line":161,"column":46}},"161":{"start":{"line":162,"column":0},"end":{"line":162,"column":17}},"162":{"start":{"line":163,"column":0},"end":{"line":163,"column":16}},"164":{"start":{"line":165,"column":0},"end":{"line":165,"column":58}},"165":{"start":{"line":166,"column":0},"end":{"line":166,"column":38}},"167":{"start":{"line":168,"column":0},"end":{"line":168,"column":75}},"169":{"start":{"line":170,"column":0},"end":{"line":170,"column":46}},"170":{"start":{"line":171,"column":0},"end":{"line":171,"column":36}},"171":{"start":{"line":172,"column":0},"end":{"line":172,"column":29}},"172":{"start":{"line":173,"column":0},"end":{"line":173,"column":80}},"173":{"start":{"line":174,"column":0},"end":{"line":174,"column":18}},"174":{"start":{"line":175,"column":0},"end":{"line":175,"column":16}},"175":{"start":{"line":176,"column":0},"end":{"line":176,"column":45}},"176":{"start":{"line":177,"column":0},"end":{"line":177,"column":14}},"177":{"start":{"line":178,"column":0},"end":{"line":178,"column":12}},"179":{"start":{"line":180,"column":0},"end":{"line":180,"column":47}},"180":{"start":{"line":181,"column":0},"end":{"line":181,"column":41}},"181":{"start":{"line":182,"column":0},"end":{"line":182,"column":55}},"182":{"start":{"line":183,"column":0},"end":{"line":183,"column":46}},"183":{"start":{"line":184,"column":0},"end":{"line":184,"column":23}},"184":{"start":{"line":185,"column":0},"end":{"line":185,"column":14}},"185":{"start":{"line":186,"column":0},"end":{"line":186,"column":11}},"187":{"start":{"line":188,"column":0},"end":{"line":188,"column":46}},"188":{"start":{"line":189,"column":0},"end":{"line":189,"column":36}},"189":{"start":{"line":190,"column":0},"end":{"line":190,"column":19}},"190":{"start":{"line":191,"column":0},"end":{"line":191,"column":42}},"191":{"start":{"line":192,"column":0},"end":{"line":192,"column":60}},"192":{"start":{"line":193,"column":0},"end":{"line":193,"column":18}},"193":{"start":{"line":194,"column":0},"end":{"line":194,"column":14}},"194":{"start":{"line":195,"column":0},"end":{"line":195,"column":11}},"203":{"start":{"line":204,"column":0},"end":{"line":204,"column":23}},"204":{"start":{"line":205,"column":0},"end":{"line":205,"column":48}},"205":{"start":{"line":206,"column":0},"end":{"line":206,"column":36}},"206":{"start":{"line":207,"column":0},"end":{"line":207,"column":12}},"207":{"start":{"line":208,"column":0},"end":{"line":208,"column":10}},"208":{"start":{"line":209,"column":0},"end":{"line":209,"column":66}},"209":{"start":{"line":210,"column":0},"end":{"line":210,"column":6}},"210":{"start":{"line":211,"column":0},"end":{"line":211,"column":43}},"212":{"start":{"line":213,"column":0},"end":{"line":213,"column":69}},"213":{"start":{"line":214,"column":0},"end":{"line":214,"column":2}},"224":{"start":{"line":225,"column":0},"end":{"line":225,"column":46}},"225":{"start":{"line":226,"column":0},"end":{"line":226,"column":33}},"226":{"start":{"line":227,"column":0},"end":{"line":227,"column":6}},"227":{"start":{"line":228,"column":0},"end":{"line":228,"column":23}},"228":{"start":{"line":229,"column":0},"end":{"line":229,"column":45}},"229":{"start":{"line":230,"column":0},"end":{"line":230,"column":26}},"231":{"start":{"line":232,"column":0},"end":{"line":232,"column":14}},"232":{"start":{"line":233,"column":0},"end":{"line":233,"column":44}},"233":{"start":{"line":234,"column":0},"end":{"line":234,"column":31}},"234":{"start":{"line":235,"column":0},"end":{"line":235,"column":6}},"236":{"start":{"line":237,"column":0},"end":{"line":237,"column":45}},"237":{"start":{"line":238,"column":0},"end":{"line":238,"column":43}},"239":{"start":{"line":240,"column":0},"end":{"line":240,"column":29}},"240":{"start":{"line":241,"column":0},"end":{"line":241,"column":2}},"242":{"start":{"line":243,"column":0},"end":{"line":243,"column":40}},"243":{"start":{"line":244,"column":0},"end":{"line":244,"column":28}},"244":{"start":{"line":245,"column":0},"end":{"line":245,"column":19}},"245":{"start":{"line":246,"column":0},"end":{"line":246,"column":3}},"249":{"start":{"line":250,"column":0},"end":{"line":250,"column":61}},"250":{"start":{"line":251,"column":0},"end":{"line":251,"column":26}},"251":{"start":{"line":252,"column":0},"end":{"line":252,"column":15}},"252":{"start":{"line":253,"column":0},"end":{"line":253,"column":16}},"253":{"start":{"line":254,"column":0},"end":{"line":254,"column":31}},"255":{"start":{"line":256,"column":0},"end":{"line":256,"column":63}},"256":{"start":{"line":257,"column":0},"end":{"line":257,"column":18}},"257":{"start":{"line":258,"column":0},"end":{"line":258,"column":24}},"258":{"start":{"line":259,"column":0},"end":{"line":259,"column":28}},"259":{"start":{"line":260,"column":0},"end":{"line":260,"column":40}},"260":{"start":{"line":261,"column":0},"end":{"line":261,"column":17}},"261":{"start":{"line":262,"column":0},"end":{"line":262,"column":34}},"262":{"start":{"line":263,"column":0},"end":{"line":263,"column":25}},"263":{"start":{"line":264,"column":0},"end":{"line":264,"column":19}},"264":{"start":{"line":265,"column":0},"end":{"line":265,"column":36}},"265":{"start":{"line":266,"column":0},"end":{"line":266,"column":25}},"267":{"start":{"line":268,"column":0},"end":{"line":268,"column":77}},"269":{"start":{"line":270,"column":0},"end":{"line":270,"column":12}},"273":{"start":{"line":274,"column":0},"end":{"line":274,"column":26}},"274":{"start":{"line":275,"column":0},"end":{"line":275,"column":32}},"276":{"start":{"line":277,"column":0},"end":{"line":277,"column":52}},"278":{"start":{"line":279,"column":0},"end":{"line":279,"column":46}},"279":{"start":{"line":280,"column":0},"end":{"line":280,"column":79}},"280":{"start":{"line":281,"column":0},"end":{"line":281,"column":32}},"281":{"start":{"line":282,"column":0},"end":{"line":282,"column":10}},"282":{"start":{"line":283,"column":0},"end":{"line":283,"column":5}},"284":{"start":{"line":285,"column":0},"end":{"line":285,"column":45}},"285":{"start":{"line":286,"column":0},"end":{"line":286,"column":64}},"286":{"start":{"line":287,"column":0},"end":{"line":287,"column":31}},"287":{"start":{"line":288,"column":0},"end":{"line":288,"column":10}},"288":{"start":{"line":289,"column":0},"end":{"line":289,"column":5}},"290":{"start":{"line":291,"column":0},"end":{"line":291,"column":66}},"291":{"start":{"line":292,"column":0},"end":{"line":292,"column":23}},"292":{"start":{"line":293,"column":0},"end":{"line":293,"column":36}},"293":{"start":{"line":294,"column":0},"end":{"line":294,"column":30}},"294":{"start":{"line":295,"column":0},"end":{"line":295,"column":59}},"295":{"start":{"line":296,"column":0},"end":{"line":296,"column":32}},"296":{"start":{"line":297,"column":0},"end":{"line":297,"column":30}},"297":{"start":{"line":298,"column":0},"end":{"line":298,"column":12}},"298":{"start":{"line":299,"column":0},"end":{"line":299,"column":2}}},"s":{"0":1,"3":1,"4":114,"5":114,"6":114,"7":114,"8":114,"9":114,"11":114,"12":114,"13":80,"14":80,"15":80,"16":80,"17":80,"18":80,"19":34,"21":114,"23":114,"24":114,"25":43,"26":3,"27":43,"28":114,"29":189,"30":189,"32":185,"33":189,"35":181,"36":189,"38":177,"39":189,"41":173,"42":20,"43":8,"44":12,"45":8,"46":4,"48":189,"50":189,"51":24,"52":24,"54":16,"55":16,"57":16,"58":8,"59":8,"60":8,"61":24,"63":189,"65":133,"66":133,"67":133,"68":133,"69":133,"71":133,"72":133,"73":51,"74":2,"75":132,"77":189,"79":132,"80":132,"81":129,"82":129,"83":129,"84":129,"85":129,"86":129,"87":129,"88":129,"89":129,"93":129,"94":129,"95":129,"96":129,"97":129,"99":129,"100":64,"101":64,"102":64,"103":64,"104":21,"105":21,"106":21,"107":64,"109":129,"110":129,"112":129,"113":43,"114":43,"115":43,"116":43,"118":129,"119":21,"120":21,"121":21,"127":129,"128":129,"129":129,"130":129,"131":129,"132":69,"134":25,"135":69,"136":11,"137":11,"139":60,"140":60,"141":60,"142":60,"144":129,"145":37,"147":10,"148":10,"150":27,"151":27,"153":16,"154":16,"155":1,"156":15,"157":129,"158":7,"159":5,"160":5,"161":5,"162":129,"164":129,"165":129,"167":64,"169":64,"170":64,"171":64,"172":64,"173":64,"174":64,"175":64,"176":64,"177":129,"179":129,"180":48,"181":48,"182":25,"183":23,"184":48,"185":48,"187":81,"188":81,"189":81,"190":81,"191":81,"192":81,"193":81,"194":81,"203":0,"204":0,"205":0,"206":0,"207":129,"208":132,"209":189,"210":114,"212":114,"213":114,"224":1,"225":144,"226":144,"227":144,"228":144,"229":288,"231":288,"232":144,"233":144,"234":144,"236":144,"237":144,"239":144,"240":144,"242":1,"243":144,"244":144,"245":144,"249":1,"250":53,"251":11,"252":11,"253":11,"255":1,"256":0,"257":0,"258":0,"259":0,"260":0,"261":0,"262":0,"263":0,"264":0,"265":0,"267":1,"269":1,"273":678,"274":678,"276":678,"278":1,"279":23,"280":23,"281":23,"282":23,"284":1,"285":11,"286":11,"287":11,"288":11,"290":1,"291":129,"292":0,"293":0,"294":0,"295":0,"296":0,"297":0,"298":0},"branchMap":{"0":{"type":"branch","line":4,"loc":{"start":{"line":4,"column":42},"end":{"line":214,"column":2}},"locations":[{"start":{"line":4,"column":42},"end":{"line":214,"column":2}}]},"1":{"type":"branch","line":10,"loc":{"start":{"line":10,"column":4},"end":{"line":10,"column":61}},"locations":[{"start":{"line":10,"column":4},"end":{"line":10,"column":61}}]},"2":{"type":"branch","line":13,"loc":{"start":{"line":13,"column":43},"end":{"line":13,"column":76}},"locations":[{"start":{"line":13,"column":43},"end":{"line":13,"column":76}}]},"3":{"type":"branch","line":13,"loc":{"start":{"line":13,"column":49},"end":{"line":19,"column":12}},"locations":[{"start":{"line":13,"column":49},"end":{"line":19,"column":12}}]},"4":{"type":"branch","line":19,"loc":{"start":{"line":19,"column":11},"end":{"line":20,"column":13}},"locations":[{"start":{"line":19,"column":11},"end":{"line":20,"column":13}}]},"5":{"type":"branch","line":14,"loc":{"start":{"line":14,"column":9},"end":{"line":19,"column":11}},"locations":[{"start":{"line":14,"column":9},"end":{"line":19,"column":11}}]},"6":{"type":"branch","line":25,"loc":{"start":{"line":25,"column":4},"end":{"line":28,"column":6}},"locations":[{"start":{"line":25,"column":4},"end":{"line":28,"column":6}}]},"7":{"type":"branch","line":26,"loc":{"start":{"line":26,"column":55},"end":{"line":26,"column":67}},"locations":[{"start":{"line":26,"column":55},"end":{"line":26,"column":67}}]},"8":{"type":"branch","line":26,"loc":{"start":{"line":26,"column":62},"end":{"line":27,"column":36}},"locations":[{"start":{"line":26,"column":62},"end":{"line":27,"column":36}}]},"9":{"type":"branch","line":29,"loc":{"start":{"line":29,"column":4},"end":{"line":210,"column":6}},"locations":[{"start":{"line":29,"column":4},"end":{"line":210,"column":6}}]},"10":{"type":"branch","line":31,"loc":{"start":{"line":31,"column":8},"end":{"line":31,"column":56}},"locations":[{"start":{"line":31,"column":8},"end":{"line":31,"column":56}}]},"11":{"type":"branch","line":31,"loc":{"start":{"line":31,"column":54},"end":{"line":34,"column":15}},"locations":[{"start":{"line":31,"column":54},"end":{"line":34,"column":15}}]},"12":{"type":"branch","line":34,"loc":{"start":{"line":34,"column":8},"end":{"line":34,"column":57}},"locations":[{"start":{"line":34,"column":8},"end":{"line":34,"column":57}}]},"13":{"type":"branch","line":34,"loc":{"start":{"line":34,"column":55},"end":{"line":37,"column":15}},"locations":[{"start":{"line":34,"column":55},"end":{"line":37,"column":15}}]},"14":{"type":"branch","line":37,"loc":{"start":{"line":37,"column":8},"end":{"line":37,"column":58}},"locations":[{"start":{"line":37,"column":8},"end":{"line":37,"column":58}}]},"15":{"type":"branch","line":37,"loc":{"start":{"line":37,"column":56},"end":{"line":40,"column":15}},"locations":[{"start":{"line":37,"column":56},"end":{"line":40,"column":15}}]},"16":{"type":"branch","line":40,"loc":{"start":{"line":40,"column":8},"end":{"line":40,"column":57}},"locations":[{"start":{"line":40,"column":8},"end":{"line":40,"column":57}}]},"17":{"type":"branch","line":40,"loc":{"start":{"line":40,"column":55},"end":{"line":49,"column":50}},"locations":[{"start":{"line":40,"column":55},"end":{"line":49,"column":50}}]},"18":{"type":"branch","line":49,"loc":{"start":{"line":49,"column":43},"end":{"line":49,"column":73}},"locations":[{"start":{"line":49,"column":43},"end":{"line":49,"column":73}}]},"19":{"type":"branch","line":49,"loc":{"start":{"line":49,"column":71},"end":{"line":51,"column":44}},"locations":[{"start":{"line":49,"column":71},"end":{"line":51,"column":44}}]},"20":{"type":"branch","line":51,"loc":{"start":{"line":51,"column":33},"end":{"line":51,"column":77}},"locations":[{"start":{"line":51,"column":33},"end":{"line":51,"column":77}}]},"21":{"type":"branch","line":51,"loc":{"start":{"line":51,"column":77},"end":{"line":62,"column":7}},"locations":[{"start":{"line":51,"column":77},"end":{"line":62,"column":7}}]},"22":{"type":"branch","line":53,"loc":{"start":{"line":53,"column":10},"end":{"line":53,"column":80}},"locations":[{"start":{"line":53,"column":10},"end":{"line":53,"column":80}}]},"23":{"type":"branch","line":53,"loc":{"start":{"line":53,"column":78},"end":{"line":61,"column":52}},"locations":[{"start":{"line":53,"column":78},"end":{"line":61,"column":52}}]},"24":{"type":"branch","line":58,"loc":{"start":{"line":58,"column":10},"end":{"line":61,"column":52}},"locations":[{"start":{"line":58,"column":10},"end":{"line":61,"column":52}}]},"25":{"type":"branch","line":59,"loc":{"start":{"line":59,"column":132},"end":{"line":59,"column":153}},"locations":[{"start":{"line":59,"column":132},"end":{"line":59,"column":153}}]},"26":{"type":"branch","line":59,"loc":{"start":{"line":59,"column":142},"end":{"line":59,"column":160}},"locations":[{"start":{"line":59,"column":142},"end":{"line":59,"column":160}}]},"27":{"type":"branch","line":62,"loc":{"start":{"line":62,"column":6},"end":{"line":64,"column":47}},"locations":[{"start":{"line":62,"column":6},"end":{"line":64,"column":47}}]},"28":{"type":"branch","line":64,"loc":{"start":{"line":64,"column":40},"end":{"line":64,"column":51}},"locations":[{"start":{"line":64,"column":40},"end":{"line":64,"column":51}}]},"29":{"type":"branch","line":64,"loc":{"start":{"line":64,"column":47},"end":{"line":73,"column":41}},"locations":[{"start":{"line":64,"column":47},"end":{"line":73,"column":41}}]},"30":{"type":"branch","line":73,"loc":{"start":{"line":73,"column":32},"end":{"line":74,"column":43}},"locations":[{"start":{"line":73,"column":32},"end":{"line":74,"column":43}}]},"31":{"type":"branch","line":74,"loc":{"start":{"line":74,"column":33},"end":{"line":75,"column":46}},"locations":[{"start":{"line":74,"column":33},"end":{"line":75,"column":46}}]},"32":{"type":"branch","line":75,"loc":{"start":{"line":75,"column":33},"end":{"line":76,"column":49}},"locations":[{"start":{"line":75,"column":33},"end":{"line":76,"column":49}}]},"33":{"type":"branch","line":78,"loc":{"start":{"line":78,"column":8},"end":{"line":78,"column":35}},"locations":[{"start":{"line":78,"column":8},"end":{"line":78,"column":35}}]},"34":{"type":"branch","line":78,"loc":{"start":{"line":78,"column":15},"end":{"line":209,"column":66}},"locations":[{"start":{"line":78,"column":15},"end":{"line":209,"column":66}}]},"35":{"type":"branch","line":42,"loc":{"start":{"line":42,"column":35},"end":{"line":47,"column":24}},"locations":[{"start":{"line":42,"column":35},"end":{"line":47,"column":24}}]},"36":{"type":"branch","line":43,"loc":{"start":{"line":43,"column":49},"end":{"line":44,"column":23}},"locations":[{"start":{"line":43,"column":49},"end":{"line":44,"column":23}}]},"37":{"type":"branch","line":44,"loc":{"start":{"line":44,"column":12},"end":{"line":47,"column":24}},"locations":[{"start":{"line":44,"column":12},"end":{"line":47,"column":24}}]},"38":{"type":"branch","line":45,"loc":{"start":{"line":45,"column":52},"end":{"line":46,"column":24}},"locations":[{"start":{"line":45,"column":52},"end":{"line":46,"column":24}}]},"39":{"type":"branch","line":46,"loc":{"start":{"line":46,"column":14},"end":{"line":47,"column":24}},"locations":[{"start":{"line":46,"column":14},"end":{"line":47,"column":24}}]},"40":{"type":"branch","line":81,"loc":{"start":{"line":81,"column":8},"end":{"line":208,"column":10}},"locations":[{"start":{"line":81,"column":8},"end":{"line":208,"column":10}}]},"41":{"type":"branch","line":180,"loc":{"start":{"line":180,"column":46},"end":{"line":186,"column":11}},"locations":[{"start":{"line":180,"column":46},"end":{"line":186,"column":11}}]},"42":{"type":"branch","line":186,"loc":{"start":{"line":186,"column":10},"end":{"line":195,"column":11}},"locations":[{"start":{"line":186,"column":10},"end":{"line":195,"column":11}}]},"43":{"type":"branch","line":195,"loc":{"start":{"line":195,"column":10},"end":{"line":207,"column":12}},"locations":[{"start":{"line":195,"column":10},"end":{"line":207,"column":12}}]},"44":{"type":"branch","line":86,"loc":{"start":{"line":86,"column":35},"end":{"line":178,"column":12}},"locations":[{"start":{"line":86,"column":35},"end":{"line":178,"column":12}}]},"45":{"type":"branch","line":166,"loc":{"start":{"line":166,"column":14},"end":{"line":166,"column":38}},"locations":[{"start":{"line":166,"column":14},"end":{"line":166,"column":38}}]},"46":{"type":"branch","line":166,"loc":{"start":{"line":166,"column":36},"end":{"line":177,"column":14}},"locations":[{"start":{"line":166,"column":36},"end":{"line":177,"column":14}}]},"47":{"type":"branch","line":90,"loc":{"start":{"line":90,"column":14},"end":{"line":163,"column":16}},"locations":[{"start":{"line":90,"column":14},"end":{"line":163,"column":16}}]},"48":{"type":"branch","line":94,"loc":{"start":{"line":94,"column":14},"end":{"line":163,"column":16}},"locations":[{"start":{"line":94,"column":14},"end":{"line":163,"column":16}}]},"49":{"type":"branch","line":132,"loc":{"start":{"line":132,"column":18},"end":{"line":138,"column":17}},"locations":[{"start":{"line":132,"column":18},"end":{"line":138,"column":17}}]},"50":{"type":"branch","line":133,"loc":{"start":{"line":133,"column":37},"end":{"line":133,"column":58}},"locations":[{"start":{"line":133,"column":37},"end":{"line":133,"column":58}}]},"51":{"type":"branch","line":133,"loc":{"start":{"line":133,"column":44},"end":{"line":136,"column":27}},"locations":[{"start":{"line":133,"column":44},"end":{"line":136,"column":27}}]},"52":{"type":"branch","line":136,"loc":{"start":{"line":136,"column":20},"end":{"line":136,"column":68}},"locations":[{"start":{"line":136,"column":20},"end":{"line":136,"column":68}}]},"53":{"type":"branch","line":136,"loc":{"start":{"line":136,"column":66},"end":{"line":138,"column":17}},"locations":[{"start":{"line":136,"column":66},"end":{"line":138,"column":17}}]},"54":{"type":"branch","line":138,"loc":{"start":{"line":138,"column":16},"end":{"line":145,"column":36}},"locations":[{"start":{"line":138,"column":16},"end":{"line":145,"column":36}}]},"55":{"type":"branch","line":145,"loc":{"start":{"line":145,"column":36},"end":{"line":152,"column":19}},"locations":[{"start":{"line":145,"column":36},"end":{"line":152,"column":19}}]},"56":{"type":"branch","line":146,"loc":{"start":{"line":146,"column":58},"end":{"line":149,"column":21}},"locations":[{"start":{"line":146,"column":58},"end":{"line":149,"column":21}}]},"57":{"type":"branch","line":149,"loc":{"start":{"line":149,"column":20},"end":{"line":152,"column":19}},"locations":[{"start":{"line":149,"column":20},"end":{"line":152,"column":19}}]},"58":{"type":"branch","line":152,"loc":{"start":{"line":152,"column":18},"end":{"line":155,"column":57}},"locations":[{"start":{"line":152,"column":18},"end":{"line":155,"column":57}}]},"59":{"type":"branch","line":155,"loc":{"start":{"line":155,"column":56},"end":{"line":156,"column":70}},"locations":[{"start":{"line":155,"column":56},"end":{"line":156,"column":70}}]},"60":{"type":"branch","line":156,"loc":{"start":{"line":156,"column":69},"end":{"line":157,"column":59}},"locations":[{"start":{"line":156,"column":69},"end":{"line":157,"column":59}}]},"61":{"type":"branch","line":158,"loc":{"start":{"line":158,"column":16},"end":{"line":162,"column":17}},"locations":[{"start":{"line":158,"column":16},"end":{"line":162,"column":17}}]},"62":{"type":"branch","line":159,"loc":{"start":{"line":159,"column":36},"end":{"line":159,"column":50}},"locations":[{"start":{"line":159,"column":36},"end":{"line":159,"column":50}}]},"63":{"type":"branch","line":159,"loc":{"start":{"line":159,"column":48},"end":{"line":162,"column":17}},"locations":[{"start":{"line":159,"column":48},"end":{"line":162,"column":17}}]},"64":{"type":"branch","line":97,"loc":{"start":{"line":97,"column":18},"end":{"line":97,"column":66}},"locations":[{"start":{"line":97,"column":18},"end":{"line":97,"column":66}}]},"65":{"type":"branch","line":100,"loc":{"start":{"line":100,"column":38},"end":{"line":108,"column":18}},"locations":[{"start":{"line":100,"column":38},"end":{"line":108,"column":18}}]},"66":{"type":"branch","line":104,"loc":{"start":{"line":104,"column":20},"end":{"line":107,"column":19}},"locations":[{"start":{"line":104,"column":20},"end":{"line":107,"column":19}}]},"67":{"type":"branch","line":105,"loc":{"start":{"line":105,"column":41},"end":{"line":105,"column":49}},"locations":[{"start":{"line":105,"column":41},"end":{"line":105,"column":49}}]},"68":{"type":"branch","line":113,"loc":{"start":{"line":113,"column":32},"end":{"line":117,"column":18}},"locations":[{"start":{"line":113,"column":32},"end":{"line":117,"column":18}}]},"69":{"type":"branch","line":119,"loc":{"start":{"line":119,"column":31},"end":{"line":122,"column":18}},"locations":[{"start":{"line":119,"column":31},"end":{"line":122,"column":18}}]},"70":{"type":"branch","line":181,"loc":{"start":{"line":181,"column":36},"end":{"line":184,"column":23}},"locations":[{"start":{"line":181,"column":36},"end":{"line":184,"column":23}}]},"71":{"type":"branch","line":182,"loc":{"start":{"line":182,"column":54},"end":{"line":183,"column":46}},"locations":[{"start":{"line":182,"column":54},"end":{"line":183,"column":46}}]},"72":{"type":"branch","line":183,"loc":{"start":{"line":183,"column":45},"end":{"line":184,"column":23}},"locations":[{"start":{"line":183,"column":45},"end":{"line":184,"column":23}}]},"73":{"type":"branch","line":190,"loc":{"start":{"line":190,"column":14},"end":{"line":193,"column":18}},"locations":[{"start":{"line":190,"column":14},"end":{"line":193,"column":18}}]},"74":{"type":"branch","line":225,"loc":{"start":{"line":225,"column":29},"end":{"line":241,"column":2}},"locations":[{"start":{"line":225,"column":29},"end":{"line":241,"column":2}}]},"75":{"type":"branch","line":229,"loc":{"start":{"line":229,"column":4},"end":{"line":235,"column":6}},"locations":[{"start":{"line":229,"column":4},"end":{"line":235,"column":6}}]},"76":{"type":"branch","line":232,"loc":{"start":{"line":232,"column":4},"end":{"line":235,"column":6}},"locations":[{"start":{"line":232,"column":4},"end":{"line":235,"column":6}}]},"77":{"type":"branch","line":243,"loc":{"start":{"line":243,"column":32},"end":{"line":246,"column":3}},"locations":[{"start":{"line":243,"column":32},"end":{"line":246,"column":3}}]},"78":{"type":"branch","line":250,"loc":{"start":{"line":250,"column":19},"end":{"line":254,"column":31}},"locations":[{"start":{"line":250,"column":19},"end":{"line":254,"column":31}}]},"79":{"type":"branch","line":251,"loc":{"start":{"line":251,"column":15},"end":{"line":252,"column":15}},"locations":[{"start":{"line":251,"column":15},"end":{"line":252,"column":15}}]},"80":{"type":"branch","line":252,"loc":{"start":{"line":252,"column":8},"end":{"line":253,"column":16}},"locations":[{"start":{"line":252,"column":8},"end":{"line":253,"column":16}}]},"81":{"type":"branch","line":253,"loc":{"start":{"line":253,"column":12},"end":{"line":254,"column":31}},"locations":[{"start":{"line":253,"column":12},"end":{"line":254,"column":31}}]},"82":{"type":"branch","line":268,"loc":{"start":{"line":268,"column":37},"end":{"line":268,"column":77}},"locations":[{"start":{"line":268,"column":37},"end":{"line":268,"column":77}}]},"83":{"type":"branch","line":270,"loc":{"start":{"line":270,"column":11},"end":{"line":277,"column":52}},"locations":[{"start":{"line":270,"column":11},"end":{"line":277,"column":52}}]},"84":{"type":"branch","line":279,"loc":{"start":{"line":279,"column":30},"end":{"line":283,"column":5}},"locations":[{"start":{"line":279,"column":30},"end":{"line":283,"column":5}}]},"85":{"type":"branch","line":285,"loc":{"start":{"line":285,"column":29},"end":{"line":289,"column":5}},"locations":[{"start":{"line":285,"column":29},"end":{"line":289,"column":5}}]},"86":{"type":"branch","line":291,"loc":{"start":{"line":291,"column":21},"end":{"line":299,"column":2}},"locations":[{"start":{"line":291,"column":21},"end":{"line":299,"column":2}}]},"87":{"type":"branch","line":292,"loc":{"start":{"line":292,"column":16},"end":{"line":299,"column":2}},"locations":[{"start":{"line":292,"column":16},"end":{"line":299,"column":2}}]}},"b":{"0":[114],"1":[80],"2":[80],"3":[80],"4":[34],"5":[80],"6":[43],"7":[40],"8":[3],"9":[189],"10":[4],"11":[185],"12":[4],"13":[181],"14":[4],"15":[177],"16":[4],"17":[173],"18":[12],"19":[161],"20":[149],"21":[24],"22":[8],"23":[16],"24":[8],"25":[4],"26":[4],"27":[137],"28":[4],"29":[133],"30":[51],"31":[2],"32":[132],"33":[1],"34":[132],"35":[20],"36":[8],"37":[12],"38":[8],"39":[4],"40":[129],"41":[48],"42":[81],"43":[0],"44":[129],"45":[65],"46":[64],"47":[129],"48":[129],"49":[69],"50":[44],"51":[25],"52":[14],"53":[11],"54":[60],"55":[37],"56":[10],"57":[27],"58":[16],"59":[1],"60":[15],"61":[7],"62":[2],"63":[5],"64":[129],"65":[64],"66":[21],"67":[21],"68":[43],"69":[21],"70":[48],"71":[25],"72":[23],"73":[81],"74":[144],"75":[288],"76":[144],"77":[144],"78":[53],"79":[11],"80":[11],"81":[11],"82":[129],"83":[678],"84":[23],"85":[11],"86":[129],"87":[0]},"fnMap":{"0":{"name":"wrapPromiseInStatusMonitor","decl":{"start":{"line":4,"column":42},"end":{"line":214,"column":2}},"loc":{"start":{"line":4,"column":42},"end":{"line":214,"column":2}},"line":4},"1":{"name":"has","decl":{"start":{"line":25,"column":4},"end":{"line":28,"column":6}},"loc":{"start":{"line":25,"column":4},"end":{"line":28,"column":6}},"line":25},"2":{"name":"get","decl":{"start":{"line":29,"column":4},"end":{"line":210,"column":6}},"loc":{"start":{"line":29,"column":4},"end":{"line":210,"column":6}},"line":29},"3":{"name":"getCurrentTextStatus","decl":{"start":{"line":42,"column":35},"end":{"line":47,"column":24}},"loc":{"start":{"line":42,"column":35},"end":{"line":47,"column":24}},"line":42},"4":{"name":"apply","decl":{"start":{"line":81,"column":8},"end":{"line":208,"column":10}},"loc":{"start":{"line":81,"column":8},"end":{"line":208,"column":10}},"line":81},"5":{"name":"buildReturnValue","decl":{"start":{"line":86,"column":35},"end":{"line":178,"column":12}},"loc":{"start":{"line":86,"column":35},"end":{"line":178,"column":12}},"line":86},"6":{"name":"actOnSettled","decl":{"start":{"line":90,"column":14},"end":{"line":163,"column":16}},"loc":{"start":{"line":90,"column":14},"end":{"line":163,"column":16}},"line":90},"7":{"name":"removeWarning","decl":{"start":{"line":100,"column":38},"end":{"line":108,"column":18}},"loc":{"start":{"line":100,"column":38},"end":{"line":108,"column":18}},"line":100},"8":{"name":"fulfill","decl":{"start":{"line":113,"column":32},"end":{"line":117,"column":18}},"loc":{"start":{"line":113,"column":32},"end":{"line":117,"column":18}},"line":113},"9":{"name":"reject","decl":{"start":{"line":119,"column":31},"end":{"line":122,"column":18}},"loc":{"start":{"line":119,"column":31},"end":{"line":122,"column":18}},"line":119},"10":{"name":"getResolutionSetters","decl":{"start":{"line":225,"column":29},"end":{"line":241,"column":2}},"loc":{"start":{"line":225,"column":29},"end":{"line":241,"column":2}},"line":225},"11":{"name":"setResolution","decl":{"start":{"line":229,"column":4},"end":{"line":235,"column":6}},"loc":{"start":{"line":229,"column":4},"end":{"line":235,"column":6}},"line":229},"12":{"name":"getNewPendingResolution","decl":{"start":{"line":243,"column":32},"end":{"line":246,"column":3}},"loc":{"start":{"line":243,"column":32},"end":{"line":246,"column":3}},"line":243},"13":{"name":"isThenable","decl":{"start":{"line":250,"column":19},"end":{"line":254,"column":31}},"loc":{"start":{"line":250,"column":19},"end":{"line":254,"column":31}},"line":250},"14":{"name":"isPromise","decl":{"start":{"line":256,"column":25},"end":{"line":266,"column":25}},"loc":{"start":{"line":256,"column":25},"end":{"line":266,"column":25}},"line":256},"15":{"name":"isValidPromiseMethodCallback","decl":{"start":{"line":268,"column":37},"end":{"line":268,"column":77}},"loc":{"start":{"line":268,"column":37},"end":{"line":268,"column":77}},"line":268},"16":{"name":"is","decl":{"start":{"line":270,"column":11},"end":{"line":277,"column":52}},"loc":{"start":{"line":270,"column":11},"end":{"line":277,"column":52}},"line":270},"17":{"name":"PromiseResolve","decl":{"start":{"line":279,"column":30},"end":{"line":283,"column":5}},"loc":{"start":{"line":279,"column":30},"end":{"line":283,"column":5}},"line":279},"18":{"name":"PromiseReject","decl":{"start":{"line":285,"column":29},"end":{"line":289,"column":5}},"loc":{"start":{"line":285,"column":29},"end":{"line":289,"column":5}},"line":285},"19":{"name":"assertSanity","decl":{"start":{"line":291,"column":21},"end":{"line":299,"column":2}},"loc":{"start":{"line":291,"column":21},"end":{"line":299,"column":2}},"line":291}},"f":{"0":114,"1":43,"2":189,"3":20,"4":129,"5":129,"6":129,"7":64,"8":43,"9":21,"10":144,"11":288,"12":144,"13":53,"14":0,"15":129,"16":678,"17":23,"18":11,"19":129}}
}
